[debug] [2026-07-08T01:26:46.061Z] ----------------------------------------------------------------------
[debug] [2026-07-08T01:26:46.062Z] Command:       /Users/andrewcook/.nvm/versions/node/v22.23.1/bin/node /Users/andrewcook/.nvm/versions/node/v22.23.1/bin/firebase deploy --only functions,firestore:rules
[debug] [2026-07-08T01:26:46.062Z] CLI Version:   15.22.4
[debug] [2026-07-08T01:26:46.063Z] Platform:      darwin
[debug] [2026-07-08T01:26:46.063Z] Node Version:  v22.23.1
[debug] [2026-07-08T01:26:46.063Z] Detected Agent: unknown
[debug] [2026-07-08T01:26:46.063Z] Time:          Tue Jul 07 2026 20:26:46 GMT-0500 (Central Daylight Time)
[debug] [2026-07-08T01:26:46.063Z] ----------------------------------------------------------------------
[debug] 
[debug] [2026-07-08T01:26:46.690Z] > command requires scopes: ["email","openid","https://www.googleapis.com/auth/cloudplatformprojects.readonly","https://www.googleapis.com/auth/firebase","https://www.googleapis.com/auth/cloud-platform"]
[debug] [2026-07-08T01:26:46.690Z] > authorizing via signed-in user (andrewjcook93@gmail.com)
[debug] [2026-07-08T01:26:46.690Z] [iam] checking project game-night-bd8ca for permissions ["cloudfunctions.functions.create","cloudfunctions.functions.delete","cloudfunctions.functions.get","cloudfunctions.functions.list","cloudfunctions.functions.update","cloudfunctions.operations.get","datastore.indexes.create","datastore.indexes.delete","datastore.indexes.list","datastore.indexes.update","firebase.projects.get"]
[debug] [2026-07-08T01:26:46.691Z] Checked if tokens are valid: false, expires at: 1783398360473
[debug] [2026-07-08T01:26:46.691Z] Checked if tokens are valid: false, expires at: 1783398360473
[debug] [2026-07-08T01:26:46.691Z] > refreshing access token with scopes: []
[debug] [2026-07-08T01:26:46.692Z] >>> [apiv2][query] POST https://www.googleapis.com/oauth2/v3/token [none]
[debug] [2026-07-08T01:26:46.692Z] >>> [apiv2][body] POST https://www.googleapis.com/oauth2/v3/token [omitted]
[debug] [2026-07-08T01:26:46.808Z] <<< [apiv2][status] POST https://www.googleapis.com/oauth2/v3/token 200
[debug] [2026-07-08T01:26:46.808Z] <<< [apiv2][body] POST https://www.googleapis.com/oauth2/v3/token [omitted]
[debug] [2026-07-08T01:26:46.818Z] >>> [apiv2][query] POST https://cloudresourcemanager.googleapis.com/v1/projects/game-night-bd8ca:testIamPermissions [none]
[debug] [2026-07-08T01:26:46.818Z] >>> [apiv2][(partial)header] POST https://cloudresourcemanager.googleapis.com/v1/projects/game-night-bd8ca:testIamPermissions  x-goog-user-project=game-night-bd8ca
[debug] [2026-07-08T01:26:46.818Z] >>> [apiv2][body] POST https://cloudresourcemanager.googleapis.com/v1/projects/game-night-bd8ca:testIamPermissions {"permissions":["cloudfunctions.functions.create","cloudfunctions.functions.delete","cloudfunctions.functions.get","cloudfunctions.functions.list","cloudfunctions.functions.update","cloudfunctions.operations.get","datastore.indexes.create","datastore.indexes.delete","datastore.indexes.list","datastore.indexes.update","firebase.projects.get"]}
[debug] [2026-07-08T01:26:46.935Z] <<< [apiv2][status] POST https://cloudresourcemanager.googleapis.com/v1/projects/game-night-bd8ca:testIamPermissions 200
[debug] [2026-07-08T01:26:46.935Z] <<< [apiv2][body] POST https://cloudresourcemanager.googleapis.com/v1/projects/game-night-bd8ca:testIamPermissions {"permissions":["cloudfunctions.functions.create","cloudfunctions.functions.delete","cloudfunctions.functions.get","cloudfunctions.functions.list","cloudfunctions.functions.update","cloudfunctions.operations.get","datastore.indexes.create","datastore.indexes.delete","datastore.indexes.list","datastore.indexes.update","firebase.projects.get"]}
[debug] [2026-07-08T01:26:46.935Z] Checked if tokens are valid: true, expires at: 1783477605808
[debug] [2026-07-08T01:26:46.935Z] Checked if tokens are valid: true, expires at: 1783477605808
[debug] [2026-07-08T01:26:46.935Z] >>> [apiv2][query] POST https://iam.googleapis.com/v1/projects/game-night-bd8ca/serviceAccounts/game-night-bd8ca@appspot.gserviceaccount.com:testIamPermissions [none]
[debug] [2026-07-08T01:26:46.935Z] >>> [apiv2][body] POST https://iam.googleapis.com/v1/projects/game-night-bd8ca/serviceAccounts/game-night-bd8ca@appspot.gserviceaccount.com:testIamPermissions {"permissions":["iam.serviceAccounts.actAs"]}
[debug] [2026-07-08T01:26:47.073Z] <<< [apiv2][status] POST https://iam.googleapis.com/v1/projects/game-night-bd8ca/serviceAccounts/game-night-bd8ca@appspot.gserviceaccount.com:testIamPermissions 404
[debug] [2026-07-08T01:26:47.073Z] <<< [apiv2][body] POST https://iam.googleapis.com/v1/projects/game-night-bd8ca/serviceAccounts/game-night-bd8ca@appspot.gserviceaccount.com:testIamPermissions {"error":{"code":404,"message":"Unknown service account","status":"NOT_FOUND"}}
[debug] [2026-07-08T01:26:47.074Z] [functions] service account IAM check errored, deploy may fail: Request to https://iam.googleapis.com/v1/projects/game-night-bd8ca/serviceAccounts/game-night-bd8ca@appspot.gserviceaccount.com:testIamPermissions had HTTP Error: 404, Unknown service account {"name":"FirebaseError","children":[],"context":{"body":{"error":{"code":404,"message":"Unknown service account","status":"NOT_FOUND"}},"response":{"statusCode":404}},"exit":1,"message":"Request to https://iam.googleapis.com/v1/projects/game-night-bd8ca/serviceAccounts/game-night-bd8ca@appspot.gserviceaccount.com:testIamPermissions had HTTP Error: 404, Unknown service account","status":404}
[info] 
[info] === Deploying to 'game-night-bd8ca'...
[info] 
[info] i  deploying firestore, functions 
[info] i  firestore: ensuring required API firestore.googleapis.com is enabled... 
[info] i  firestore: ensuring required API firestore.googleapis.com is enabled... 
[debug] [2026-07-08T01:26:47.079Z] Checked if tokens are valid: true, expires at: 1783477605808
[debug] [2026-07-08T01:26:47.079Z] Checked if tokens are valid: true, expires at: 1783477605808
[debug] [2026-07-08T01:26:47.079Z] >>> [apiv2][query] GET https://firestore.googleapis.com/v1/projects/game-night-bd8ca/databases/(default) [none]
[debug] [2026-07-08T01:26:47.337Z] <<< [apiv2][status] GET https://firestore.googleapis.com/v1/projects/game-night-bd8ca/databases/(default) 200
[debug] [2026-07-08T01:26:47.337Z] <<< [apiv2][body] GET https://firestore.googleapis.com/v1/projects/game-night-bd8ca/databases/(default) {"name":"projects/game-night-bd8ca/databases/(default)","uid":"cc7e5445-127c-41c3-9650-b0d0549bbddc","createTime":"2026-07-07T02:46:12.429468Z","updateTime":"2026-07-07T02:46:12.429468Z","locationId":"nam5","type":"FIRESTORE_NATIVE","concurrencyMode":"PESSIMISTIC","versionRetentionPeriod":"3600s","earliestVersionTime":"2026-07-08T00:26:47.383071Z","appEngineIntegrationMode":"DISABLED","keyPrefix":"s","pointInTimeRecoveryEnablement":"POINT_IN_TIME_RECOVERY_DISABLED","deleteProtectionState":"DELETE_PROTECTION_DISABLED","databaseEdition":"STANDARD","freeTier":true,"realtimeUpdatesMode":"REALTIME_UPDATES_MODE_ENABLED","etag":"INmytLX2wZUDMM6d0tjQv5UD"}
[info] i  firestore: reading indexes from firestore.indexes.json... 
[info] i  cloud.firestore: checking firestore.rules for compilation errors... 
[debug] [2026-07-08T01:26:47.339Z] Checked if tokens are valid: true, expires at: 1783477605808
[debug] [2026-07-08T01:26:47.339Z] Checked if tokens are valid: true, expires at: 1783477605808
[debug] [2026-07-08T01:26:47.339Z] >>> [apiv2][query] POST https://firebaserules.googleapis.com/v1/projects/game-night-bd8ca:test [none]
[debug] [2026-07-08T01:26:47.339Z] >>> [apiv2][body] POST https://firebaserules.googleapis.com/v1/projects/game-night-bd8ca:test [omitted]
[debug] [2026-07-08T01:26:47.487Z] <<< [apiv2][status] POST https://firebaserules.googleapis.com/v1/projects/game-night-bd8ca:test 200
[debug] [2026-07-08T01:26:47.487Z] <<< [apiv2][body] POST https://firebaserules.googleapis.com/v1/projects/game-night-bd8ca:test {}
[info] ✔  cloud.firestore: rules file firestore.rules compiled successfully 
[debug] [2026-07-08T01:26:47.489Z] Checked if tokens are valid: true, expires at: 1783477605808
[debug] [2026-07-08T01:26:47.489Z] Checked if tokens are valid: true, expires at: 1783477605808
[debug] [2026-07-08T01:26:47.489Z] >>> [apiv2][query] GET https://serviceusage.googleapis.com/v1/projects/game-night-bd8ca/services/cloudresourcemanager.googleapis.com [none]
[debug] [2026-07-08T01:26:47.489Z] >>> [apiv2][(partial)header] GET https://serviceusage.googleapis.com/v1/projects/game-night-bd8ca/services/cloudresourcemanager.googleapis.com  x-goog-user-project=game-night-bd8ca
[debug] [2026-07-08T01:26:47.765Z] <<< [apiv2][status] GET https://serviceusage.googleapis.com/v1/projects/game-night-bd8ca/services/cloudresourcemanager.googleapis.com 200
[debug] [2026-07-08T01:26:47.765Z] <<< [apiv2][body] GET https://serviceusage.googleapis.com/v1/projects/game-night-bd8ca/services/cloudresourcemanager.googleapis.com [omitted]
[debug] [2026-07-08T01:26:47.772Z] Checked if tokens are valid: true, expires at: 1783477605808
[debug] [2026-07-08T01:26:47.773Z] Checked if tokens are valid: true, expires at: 1783477605808
[debug] [2026-07-08T01:26:47.773Z] >>> [apiv2][query] GET https://cloudresourcemanager.googleapis.com/v1/projects/game-night-bd8ca [none]
[debug] [2026-07-08T01:26:47.837Z] <<< [apiv2][status] GET https://cloudresourcemanager.googleapis.com/v1/projects/game-night-bd8ca 200
[debug] [2026-07-08T01:26:47.837Z] <<< [apiv2][body] GET https://cloudresourcemanager.googleapis.com/v1/projects/game-night-bd8ca {"projectNumber":"583547518826","projectId":"game-night-bd8ca","lifecycleState":"ACTIVE","name":"game-night","labels":{"firebase":"enabled","firebase-core":"disabled"},"createTime":"2026-07-07T02:44:55.966Z"}
[info] i  functions: preparing codebase default for deployment 
[info] i  functions: ensuring required API cloudfunctions.googleapis.com is enabled... 
[debug] [2026-07-08T01:26:47.838Z] Checked if tokens are valid: true, expires at: 1783477605808
[debug] [2026-07-08T01:26:47.838Z] Checked if tokens are valid: true, expires at: 1783477605808
[debug] [2026-07-08T01:26:47.838Z] Checked if tokens are valid: true, expires at: 1783477605808
[debug] [2026-07-08T01:26:47.838Z] Checked if tokens are valid: true, expires at: 1783477605808
[info] i  functions: ensuring required API cloudbuild.googleapis.com is enabled... 
[debug] [2026-07-08T01:26:47.838Z] Checked if tokens are valid: true, expires at: 1783477605808
[debug] [2026-07-08T01:26:47.838Z] Checked if tokens are valid: true, expires at: 1783477605808
[info] i  artifactregistry: ensuring required API artifactregistry.googleapis.com is enabled... 
[debug] [2026-07-08T01:26:47.838Z] Checked if tokens are valid: true, expires at: 1783477605808
[debug] [2026-07-08T01:26:47.838Z] Checked if tokens are valid: true, expires at: 1783477605808
[debug] [2026-07-08T01:26:47.838Z] >>> [apiv2][query] GET https://serviceusage.googleapis.com/v1/projects/game-night-bd8ca/services/cloudfunctions.googleapis.com [none]
[debug] [2026-07-08T01:26:47.838Z] >>> [apiv2][(partial)header] GET https://serviceusage.googleapis.com/v1/projects/game-night-bd8ca/services/cloudfunctions.googleapis.com  x-goog-user-project=game-night-bd8ca
[debug] [2026-07-08T01:26:47.839Z] >>> [apiv2][query] GET https://serviceusage.googleapis.com/v1/projects/game-night-bd8ca/services/runtimeconfig.googleapis.com [none]
[debug] [2026-07-08T01:26:47.839Z] >>> [apiv2][(partial)header] GET https://serviceusage.googleapis.com/v1/projects/game-night-bd8ca/services/runtimeconfig.googleapis.com  x-goog-user-project=game-night-bd8ca
[debug] [2026-07-08T01:26:47.840Z] >>> [apiv2][query] GET https://serviceusage.googleapis.com/v1/projects/game-night-bd8ca/services/cloudbuild.googleapis.com [none]
[debug] [2026-07-08T01:26:47.840Z] >>> [apiv2][(partial)header] GET https://serviceusage.googleapis.com/v1/projects/game-night-bd8ca/services/cloudbuild.googleapis.com  x-goog-user-project=game-night-bd8ca
[debug] [2026-07-08T01:26:47.841Z] >>> [apiv2][query] GET https://serviceusage.googleapis.com/v1/projects/game-night-bd8ca/services/artifactregistry.googleapis.com [none]
[debug] [2026-07-08T01:26:47.841Z] >>> [apiv2][(partial)header] GET https://serviceusage.googleapis.com/v1/projects/game-night-bd8ca/services/artifactregistry.googleapis.com  x-goog-user-project=game-night-bd8ca
[debug] [2026-07-08T01:26:48.040Z] <<< [apiv2][status] GET https://serviceusage.googleapis.com/v1/projects/game-night-bd8ca/services/cloudfunctions.googleapis.com 200
[debug] [2026-07-08T01:26:48.040Z] <<< [apiv2][body] GET https://serviceusage.googleapis.com/v1/projects/game-night-bd8ca/services/cloudfunctions.googleapis.com [omitted]
[warn] ⚠  functions: missing required API cloudfunctions.googleapis.com. Enabling now... 
[debug] [2026-07-08T01:26:48.041Z] Checked if tokens are valid: true, expires at: 1783477605808
[debug] [2026-07-08T01:26:48.041Z] Checked if tokens are valid: true, expires at: 1783477605808
[debug] [2026-07-08T01:26:48.041Z] >>> [apiv2][query] POST https://serviceusage.googleapis.com/v1/projects/game-night-bd8ca/services/cloudfunctions.googleapis.com:enable [none]
[debug] [2026-07-08T01:26:48.041Z] >>> [apiv2][(partial)header] POST https://serviceusage.googleapis.com/v1/projects/game-night-bd8ca/services/cloudfunctions.googleapis.com:enable  x-goog-user-project=game-night-bd8ca
[debug] [2026-07-08T01:26:48.080Z] <<< [apiv2][status] GET https://serviceusage.googleapis.com/v1/projects/game-night-bd8ca/services/runtimeconfig.googleapis.com 200
[debug] [2026-07-08T01:26:48.080Z] <<< [apiv2][body] GET https://serviceusage.googleapis.com/v1/projects/game-night-bd8ca/services/runtimeconfig.googleapis.com [omitted]
[debug] [2026-07-08T01:26:48.107Z] <<< [apiv2][status] GET https://serviceusage.googleapis.com/v1/projects/game-night-bd8ca/services/artifactregistry.googleapis.com 200
[debug] [2026-07-08T01:26:48.107Z] <<< [apiv2][body] GET https://serviceusage.googleapis.com/v1/projects/game-night-bd8ca/services/artifactregistry.googleapis.com [omitted]
[warn] ⚠  artifactregistry: missing required API artifactregistry.googleapis.com. Enabling now... 
[debug] [2026-07-08T01:26:48.107Z] Checked if tokens are valid: true, expires at: 1783477605808
[debug] [2026-07-08T01:26:48.107Z] Checked if tokens are valid: true, expires at: 1783477605808
[debug] [2026-07-08T01:26:48.107Z] >>> [apiv2][query] POST https://serviceusage.googleapis.com/v1/projects/game-night-bd8ca/services/artifactregistry.googleapis.com:enable [none]
[debug] [2026-07-08T01:26:48.107Z] >>> [apiv2][(partial)header] POST https://serviceusage.googleapis.com/v1/projects/game-night-bd8ca/services/artifactregistry.googleapis.com:enable  x-goog-user-project=game-night-bd8ca
[debug] [2026-07-08T01:26:48.158Z] <<< [apiv2][status] GET https://serviceusage.googleapis.com/v1/projects/game-night-bd8ca/services/cloudbuild.googleapis.com 200
[debug] [2026-07-08T01:26:48.159Z] <<< [apiv2][body] GET https://serviceusage.googleapis.com/v1/projects/game-night-bd8ca/services/cloudbuild.googleapis.com [omitted]
[warn] ⚠  functions: missing required API cloudbuild.googleapis.com. Enabling now... 
[debug] [2026-07-08T01:26:48.159Z] Checked if tokens are valid: true, expires at: 1783477605808
[debug] [2026-07-08T01:26:48.159Z] Checked if tokens are valid: true, expires at: 1783477605808
[debug] [2026-07-08T01:26:48.159Z] >>> [apiv2][query] POST https://serviceusage.googleapis.com/v1/projects/game-night-bd8ca/services/cloudbuild.googleapis.com:enable [none]
[debug] [2026-07-08T01:26:48.159Z] >>> [apiv2][(partial)header] POST https://serviceusage.googleapis.com/v1/projects/game-night-bd8ca/services/cloudbuild.googleapis.com:enable  x-goog-user-project=game-night-bd8ca
[debug] [2026-07-08T01:26:48.353Z] <<< [apiv2][status] POST https://serviceusage.googleapis.com/v1/projects/game-night-bd8ca/services/cloudfunctions.googleapis.com:enable 200
[debug] [2026-07-08T01:26:48.353Z] <<< [apiv2][body] POST https://serviceusage.googleapis.com/v1/projects/game-night-bd8ca/services/cloudfunctions.googleapis.com:enable [omitted]
[debug] [2026-07-08T01:26:48.411Z] <<< [apiv2][status] POST https://serviceusage.googleapis.com/v1/projects/game-night-bd8ca/services/artifactregistry.googleapis.com:enable 200
[debug] [2026-07-08T01:26:48.411Z] <<< [apiv2][body] POST https://serviceusage.googleapis.com/v1/projects/game-night-bd8ca/services/artifactregistry.googleapis.com:enable [omitted]
[debug] [2026-07-08T01:26:48.517Z] <<< [apiv2][status] POST https://serviceusage.googleapis.com/v1/projects/game-night-bd8ca/services/cloudbuild.googleapis.com:enable 200
[debug] [2026-07-08T01:26:48.517Z] <<< [apiv2][body] POST https://serviceusage.googleapis.com/v1/projects/game-night-bd8ca/services/cloudbuild.googleapis.com:enable [omitted]
[debug] [2026-07-08T01:26:58.524Z] Checked if tokens are valid: true, expires at: 1783477605808
[debug] [2026-07-08T01:26:58.525Z] Checked if tokens are valid: true, expires at: 1783477605808
[debug] [2026-07-08T01:26:58.525Z] >>> [apiv2][query] GET https://firebase.googleapis.com/v1beta1/projects/game-night-bd8ca/adminSdkConfig [none]
[debug] [2026-07-08T01:26:58.753Z] <<< [apiv2][status] GET https://firebase.googleapis.com/v1beta1/projects/game-night-bd8ca/adminSdkConfig 200
[debug] [2026-07-08T01:26:58.753Z] <<< [apiv2][body] GET https://firebase.googleapis.com/v1beta1/projects/game-night-bd8ca/adminSdkConfig {"projectId":"game-night-bd8ca","databaseURL":"https://game-night-bd8ca-default-rtdb.firebaseio.com","storageBucket":"game-night-bd8ca.firebasestorage.app"}
[debug] [2026-07-08T01:26:58.754Z] Checked if tokens are valid: true, expires at: 1783477605808
[debug] [2026-07-08T01:26:58.754Z] Checked if tokens are valid: true, expires at: 1783477605808
[debug] [2026-07-08T01:26:58.755Z] >>> [apiv2][query] GET https://runtimeconfig.googleapis.com/v1beta1/projects/game-night-bd8ca/configs [none]
[debug] [2026-07-08T01:26:58.959Z] <<< [apiv2][status] GET https://runtimeconfig.googleapis.com/v1beta1/projects/game-night-bd8ca/configs 200
[debug] [2026-07-08T01:26:58.959Z] <<< [apiv2][body] GET https://runtimeconfig.googleapis.com/v1beta1/projects/game-night-bd8ca/configs {}
[debug] [2026-07-08T01:26:58.963Z] Validating nodejs source
[warn] ⚠  functions: Runtime Node.js 20 was deprecated on 2026-04-30 and will be decommissioned on 2026-10-30, after which you will not be able to deploy without upgrading. Consider upgrading now to avoid disruption. See https://cloud.google.com/functions/docs/runtime-support for full details on the lifecycle policy 
[warn] ⚠  functions: package.json indicates an outdated version of firebase-functions. Please upgrade using npm install --save firebase-functions@latest in your functions directory. 
[warn] ⚠  functions: Please note that there will be breaking changes when you upgrade. 
[debug] [2026-07-08T01:26:59.476Z] > [functions] package.json contents: {
  "name": "game-night-functions",
  "private": true,
  "type": "module",
  "engines": {
    "node": "20"
  },
  "main": "index.js",
  "scripts": {
    "test": "vitest run"
  },
  "dependencies": {
    "firebase-admin": "^13.0.2",
    "firebase-functions": "^6.3.1"
  },
  "devDependencies": {
    "vitest": "^3.0.4"
  }
}
[debug] [2026-07-08T01:26:59.476Z] Building nodejs source
[info] i  functions: Loading and analyzing source code for codebase default to determine what to deploy 
[debug] [2026-07-08T01:26:59.477Z] Could not find functions.yaml. Must use http discovery
[debug] [2026-07-08T01:26:59.484Z] Found firebase-functions binary at '/Users/andrewcook/Documents/Dev/Personal/games/functions/node_modules/.bin/firebase-functions'
[info] Serving at port 8174

[debug] [2026-07-08T01:27:00.009Z] Got response from /__/functions.yaml {"endpoints":{"playCard":{"availableMemoryMb":null,"timeoutSeconds":null,"minInstances":null,"maxInstances":null,"ingressSettings":null,"concurrency":null,"serviceAccountEmail":null,"vpc":null,"platform":"gcfv2","labels":{},"callableTrigger":{},"entryPoint":"playCard"},"startGame":{"availableMemoryMb":null,"timeoutSeconds":null,"minInstances":null,"maxInstances":null,"ingressSettings":null,"concurrency":null,"serviceAccountEmail":null,"vpc":null,"platform":"gcfv2","labels":{},"callableTrigger":{},"entryPoint":"startGame"}},"specVersion":"v1alpha1","requiredAPIs":[],"extensions":{}}
[debug] [2026-07-08T01:27:04.033Z] Checked if tokens are valid: true, expires at: 1783477605808
[debug] [2026-07-08T01:27:04.033Z] Checked if tokens are valid: true, expires at: 1783477605808
[debug] [2026-07-08T01:27:04.033Z] >>> [apiv2][query] GET https://cloudfunctions.googleapis.com/v1/projects/game-night-bd8ca/locations/-/functions [none]
[debug] [2026-07-08T01:27:04.567Z] <<< [apiv2][status] GET https://cloudfunctions.googleapis.com/v1/projects/game-night-bd8ca/locations/-/functions 200
[debug] [2026-07-08T01:27:04.567Z] <<< [apiv2][body] GET https://cloudfunctions.googleapis.com/v1/projects/game-night-bd8ca/locations/-/functions {}
[debug] [2026-07-08T01:27:04.568Z] Checked if tokens are valid: true, expires at: 1783477605808
[debug] [2026-07-08T01:27:04.568Z] Checked if tokens are valid: true, expires at: 1783477605808
[debug] [2026-07-08T01:27:04.568Z] >>> [apiv2][query] GET https://cloudfunctions.googleapis.com/v2/projects/game-night-bd8ca/locations/-/functions filter=environment%3D%22GEN_2%22
[debug] [2026-07-08T01:27:05.040Z] <<< [apiv2][status] GET https://cloudfunctions.googleapis.com/v2/projects/game-night-bd8ca/locations/-/functions 200
[debug] [2026-07-08T01:27:05.040Z] <<< [apiv2][body] GET https://cloudfunctions.googleapis.com/v2/projects/game-night-bd8ca/locations/-/functions {}
[info] i  extensions: ensuring required API firebaseextensions.googleapis.com is enabled... 
[debug] [2026-07-08T01:27:05.041Z] Checked if tokens are valid: true, expires at: 1783477605808
[debug] [2026-07-08T01:27:05.041Z] Checked if tokens are valid: true, expires at: 1783477605808
[debug] [2026-07-08T01:27:05.041Z] >>> [apiv2][query] GET https://serviceusage.googleapis.com/v1/projects/game-night-bd8ca/services/firebaseextensions.googleapis.com [none]
[debug] [2026-07-08T01:27:05.041Z] >>> [apiv2][(partial)header] GET https://serviceusage.googleapis.com/v1/projects/game-night-bd8ca/services/firebaseextensions.googleapis.com  x-goog-user-project=game-night-bd8ca
[debug] [2026-07-08T01:27:05.284Z] <<< [apiv2][status] GET https://serviceusage.googleapis.com/v1/projects/game-night-bd8ca/services/firebaseextensions.googleapis.com 200
[debug] [2026-07-08T01:27:05.284Z] <<< [apiv2][body] GET https://serviceusage.googleapis.com/v1/projects/game-night-bd8ca/services/firebaseextensions.googleapis.com [omitted]
[warn] ⚠  extensions: missing required API firebaseextensions.googleapis.com. Enabling now... 
[debug] [2026-07-08T01:27:05.285Z] Checked if tokens are valid: true, expires at: 1783477605808
[debug] [2026-07-08T01:27:05.285Z] Checked if tokens are valid: true, expires at: 1783477605808
[debug] [2026-07-08T01:27:05.285Z] >>> [apiv2][query] POST https://serviceusage.googleapis.com/v1/projects/game-night-bd8ca/services/firebaseextensions.googleapis.com:enable [none]
[debug] [2026-07-08T01:27:05.285Z] >>> [apiv2][(partial)header] POST https://serviceusage.googleapis.com/v1/projects/game-night-bd8ca/services/firebaseextensions.googleapis.com:enable  x-goog-user-project=game-night-bd8ca
[debug] [2026-07-08T01:27:05.604Z] <<< [apiv2][status] POST https://serviceusage.googleapis.com/v1/projects/game-night-bd8ca/services/firebaseextensions.googleapis.com:enable 200
[debug] [2026-07-08T01:27:05.605Z] <<< [apiv2][body] POST https://serviceusage.googleapis.com/v1/projects/game-night-bd8ca/services/firebaseextensions.googleapis.com:enable [omitted]
[debug] [2026-07-08T01:27:15.617Z] > command requires scopes: ["email","openid","https://www.googleapis.com/auth/cloudplatformprojects.readonly","https://www.googleapis.com/auth/firebase","https://www.googleapis.com/auth/cloud-platform"]
[debug] [2026-07-08T01:27:15.618Z] > authorizing via signed-in user (andrewjcook93@gmail.com)
[debug] [2026-07-08T01:27:15.618Z] [iam] checking project game-night-bd8ca for permissions ["firebase.projects.get","firebaseextensions.instances.list"]
[debug] [2026-07-08T01:27:15.618Z] Checked if tokens are valid: true, expires at: 1783477605808
[debug] [2026-07-08T01:27:15.618Z] Checked if tokens are valid: true, expires at: 1783477605808
[debug] [2026-07-08T01:27:15.618Z] >>> [apiv2][query] POST https://cloudresourcemanager.googleapis.com/v1/projects/game-night-bd8ca:testIamPermissions [none]
[debug] [2026-07-08T01:27:15.619Z] >>> [apiv2][(partial)header] POST https://cloudresourcemanager.googleapis.com/v1/projects/game-night-bd8ca:testIamPermissions  x-goog-user-project=game-night-bd8ca
[debug] [2026-07-08T01:27:15.619Z] >>> [apiv2][body] POST https://cloudresourcemanager.googleapis.com/v1/projects/game-night-bd8ca:testIamPermissions {"permissions":["firebase.projects.get","firebaseextensions.instances.list"]}
[debug] [2026-07-08T01:27:15.761Z] <<< [apiv2][status] POST https://cloudresourcemanager.googleapis.com/v1/projects/game-night-bd8ca:testIamPermissions 200
[debug] [2026-07-08T01:27:15.761Z] <<< [apiv2][body] POST https://cloudresourcemanager.googleapis.com/v1/projects/game-night-bd8ca:testIamPermissions {"permissions":["firebase.projects.get","firebaseextensions.instances.list"]}
[debug] [2026-07-08T01:27:15.762Z] Checked if tokens are valid: true, expires at: 1783477605808
[debug] [2026-07-08T01:27:15.762Z] Checked if tokens are valid: true, expires at: 1783477605808
[debug] [2026-07-08T01:27:15.762Z] >>> [apiv2][query] GET https://firebaseextensions.googleapis.com/v1beta/projects/game-night-bd8ca/instances pageSize=100&pageToken=
[debug] [2026-07-08T01:27:17.200Z] <<< [apiv2][status] GET https://firebaseextensions.googleapis.com/v1beta/projects/game-night-bd8ca/instances 200
[debug] [2026-07-08T01:27:17.200Z] <<< [apiv2][body] GET https://firebaseextensions.googleapis.com/v1beta/projects/game-night-bd8ca/instances {}
[info] i  functions: preparing functions directory for uploading... 
[info] i  functions: packaged /Users/andrewcook/Documents/Dev/Personal/games/functions (57.3 KB) for uploading 
[info] i  functions: ensuring required API run.googleapis.com is enabled... 
[debug] [2026-07-08T01:27:17.245Z] Checked if tokens are valid: true, expires at: 1783477605808
[debug] [2026-07-08T01:27:17.245Z] Checked if tokens are valid: true, expires at: 1783477605808
[info] i  functions: ensuring required API eventarc.googleapis.com is enabled... 
[debug] [2026-07-08T01:27:17.246Z] Checked if tokens are valid: true, expires at: 1783477605808
[debug] [2026-07-08T01:27:17.246Z] Checked if tokens are valid: true, expires at: 1783477605808
[info] i  functions: ensuring required API pubsub.googleapis.com is enabled... 
[debug] [2026-07-08T01:27:17.246Z] Checked if tokens are valid: true, expires at: 1783477605808
[debug] [2026-07-08T01:27:17.246Z] Checked if tokens are valid: true, expires at: 1783477605808
[info] i  functions: ensuring required API storage.googleapis.com is enabled... 
[debug] [2026-07-08T01:27:17.246Z] Checked if tokens are valid: true, expires at: 1783477605808
[debug] [2026-07-08T01:27:17.246Z] Checked if tokens are valid: true, expires at: 1783477605808
[debug] [2026-07-08T01:27:17.246Z] >>> [apiv2][query] GET https://serviceusage.googleapis.com/v1/projects/583547518826/services/run.googleapis.com [none]
[debug] [2026-07-08T01:27:17.246Z] >>> [apiv2][(partial)header] GET https://serviceusage.googleapis.com/v1/projects/583547518826/services/run.googleapis.com  x-goog-user-project=583547518826
[debug] [2026-07-08T01:27:17.247Z] >>> [apiv2][query] GET https://serviceusage.googleapis.com/v1/projects/583547518826/services/eventarc.googleapis.com [none]
[debug] [2026-07-08T01:27:17.247Z] >>> [apiv2][(partial)header] GET https://serviceusage.googleapis.com/v1/projects/583547518826/services/eventarc.googleapis.com  x-goog-user-project=583547518826
[debug] [2026-07-08T01:27:17.247Z] >>> [apiv2][query] GET https://serviceusage.googleapis.com/v1/projects/583547518826/services/pubsub.googleapis.com [none]
[debug] [2026-07-08T01:27:17.247Z] >>> [apiv2][(partial)header] GET https://serviceusage.googleapis.com/v1/projects/583547518826/services/pubsub.googleapis.com  x-goog-user-project=583547518826
[debug] [2026-07-08T01:27:17.248Z] >>> [apiv2][query] GET https://serviceusage.googleapis.com/v1/projects/583547518826/services/storage.googleapis.com [none]
[debug] [2026-07-08T01:27:17.248Z] >>> [apiv2][(partial)header] GET https://serviceusage.googleapis.com/v1/projects/583547518826/services/storage.googleapis.com  x-goog-user-project=583547518826
[debug] [2026-07-08T01:27:17.483Z] <<< [apiv2][status] GET https://serviceusage.googleapis.com/v1/projects/583547518826/services/eventarc.googleapis.com 200
[debug] [2026-07-08T01:27:17.484Z] <<< [apiv2][body] GET https://serviceusage.googleapis.com/v1/projects/583547518826/services/eventarc.googleapis.com [omitted]
[warn] ⚠  functions: missing required API eventarc.googleapis.com. Enabling now... 
[debug] [2026-07-08T01:27:17.485Z] Checked if tokens are valid: true, expires at: 1783477605808
[debug] [2026-07-08T01:27:17.485Z] Checked if tokens are valid: true, expires at: 1783477605808
[debug] [2026-07-08T01:27:17.485Z] >>> [apiv2][query] POST https://serviceusage.googleapis.com/v1/projects/583547518826/services/eventarc.googleapis.com:enable [none]
[debug] [2026-07-08T01:27:17.485Z] >>> [apiv2][(partial)header] POST https://serviceusage.googleapis.com/v1/projects/583547518826/services/eventarc.googleapis.com:enable  x-goog-user-project=583547518826
[debug] [2026-07-08T01:27:17.489Z] <<< [apiv2][status] GET https://serviceusage.googleapis.com/v1/projects/583547518826/services/run.googleapis.com 200
[debug] [2026-07-08T01:27:17.489Z] <<< [apiv2][body] GET https://serviceusage.googleapis.com/v1/projects/583547518826/services/run.googleapis.com [omitted]
[warn] ⚠  functions: missing required API run.googleapis.com. Enabling now... 
[debug] [2026-07-08T01:27:17.489Z] Checked if tokens are valid: true, expires at: 1783477605808
[debug] [2026-07-08T01:27:17.489Z] Checked if tokens are valid: true, expires at: 1783477605808
[debug] [2026-07-08T01:27:17.489Z] >>> [apiv2][query] POST https://serviceusage.googleapis.com/v1/projects/583547518826/services/run.googleapis.com:enable [none]
[debug] [2026-07-08T01:27:17.489Z] >>> [apiv2][(partial)header] POST https://serviceusage.googleapis.com/v1/projects/583547518826/services/run.googleapis.com:enable  x-goog-user-project=583547518826
[debug] [2026-07-08T01:27:17.491Z] <<< [apiv2][status] GET https://serviceusage.googleapis.com/v1/projects/583547518826/services/pubsub.googleapis.com 200
[debug] [2026-07-08T01:27:17.491Z] <<< [apiv2][body] GET https://serviceusage.googleapis.com/v1/projects/583547518826/services/pubsub.googleapis.com [omitted]
[info] ✔  functions: required API pubsub.googleapis.com is enabled 
[debug] [2026-07-08T01:27:17.501Z] <<< [apiv2][status] GET https://serviceusage.googleapis.com/v1/projects/583547518826/services/storage.googleapis.com 200
[debug] [2026-07-08T01:27:17.501Z] <<< [apiv2][body] GET https://serviceusage.googleapis.com/v1/projects/583547518826/services/storage.googleapis.com [omitted]
[info] ✔  functions: required API storage.googleapis.com is enabled 
[debug] [2026-07-08T01:27:17.674Z] <<< [apiv2][status] POST https://serviceusage.googleapis.com/v1/projects/583547518826/services/eventarc.googleapis.com:enable 200
[debug] [2026-07-08T01:27:17.674Z] <<< [apiv2][body] POST https://serviceusage.googleapis.com/v1/projects/583547518826/services/eventarc.googleapis.com:enable [omitted]
[debug] [2026-07-08T01:27:17.919Z] <<< [apiv2][status] POST https://serviceusage.googleapis.com/v1/projects/583547518826/services/run.googleapis.com:enable 200
[debug] [2026-07-08T01:27:17.920Z] <<< [apiv2][body] POST https://serviceusage.googleapis.com/v1/projects/583547518826/services/run.googleapis.com:enable [omitted]
[info] i  functions: generating the service identity for pubsub.googleapis.com... 
[debug] [2026-07-08T01:27:27.933Z] Checked if tokens are valid: true, expires at: 1783477605808
[debug] [2026-07-08T01:27:27.933Z] Checked if tokens are valid: true, expires at: 1783477605808
[info] i  functions: generating the service identity for eventarc.googleapis.com... 
[debug] [2026-07-08T01:27:27.933Z] Checked if tokens are valid: true, expires at: 1783477605808
[debug] [2026-07-08T01:27:27.933Z] Checked if tokens are valid: true, expires at: 1783477605808
[debug] [2026-07-08T01:27:27.934Z] >>> [apiv2][query] POST https://serviceusage.googleapis.com/v1beta1/projects/583547518826/services/pubsub.googleapis.com:generateServiceIdentity [none]
[debug] [2026-07-08T01:27:27.934Z] >>> [apiv2][(partial)header] POST https://serviceusage.googleapis.com/v1beta1/projects/583547518826/services/pubsub.googleapis.com:generateServiceIdentity  x-goog-user-project=583547518826
[debug] [2026-07-08T01:27:27.934Z] >>> [apiv2][body] POST https://serviceusage.googleapis.com/v1beta1/projects/583547518826/services/pubsub.googleapis.com:generateServiceIdentity {}
[debug] [2026-07-08T01:27:27.935Z] >>> [apiv2][query] POST https://serviceusage.googleapis.com/v1beta1/projects/583547518826/services/eventarc.googleapis.com:generateServiceIdentity [none]
[debug] [2026-07-08T01:27:27.936Z] >>> [apiv2][(partial)header] POST https://serviceusage.googleapis.com/v1beta1/projects/583547518826/services/eventarc.googleapis.com:generateServiceIdentity  x-goog-user-project=583547518826
[debug] [2026-07-08T01:27:27.936Z] >>> [apiv2][body] POST https://serviceusage.googleapis.com/v1beta1/projects/583547518826/services/eventarc.googleapis.com:generateServiceIdentity {}
[debug] [2026-07-08T01:27:28.495Z] <<< [apiv2][status] POST https://serviceusage.googleapis.com/v1beta1/projects/583547518826/services/eventarc.googleapis.com:generateServiceIdentity 200
[debug] [2026-07-08T01:27:28.495Z] <<< [apiv2][body] POST https://serviceusage.googleapis.com/v1beta1/projects/583547518826/services/eventarc.googleapis.com:generateServiceIdentity {"name":"operations/finished.DONE_OPERATION","done":true,"response":{"@type":"type.googleapis.com/google.api.serviceusage.v1beta1.ServiceIdentity","email":"service-583547518826@gcp-sa-eventarc.iam.gserviceaccount.com","uniqueId":"109139418797030596347"}}
[debug] [2026-07-08T01:27:28.630Z] <<< [apiv2][status] POST https://serviceusage.googleapis.com/v1beta1/projects/583547518826/services/pubsub.googleapis.com:generateServiceIdentity 200
[debug] [2026-07-08T01:27:28.630Z] <<< [apiv2][body] POST https://serviceusage.googleapis.com/v1beta1/projects/583547518826/services/pubsub.googleapis.com:generateServiceIdentity {"name":"operations/finished.DONE_OPERATION","done":true,"response":{"@type":"type.googleapis.com/google.api.serviceusage.v1beta1.ServiceIdentity","email":"service-583547518826@gcp-sa-pubsub.iam.gserviceaccount.com","uniqueId":"103234514193615824443"}}
[debug] [2026-07-08T01:27:28.632Z] Checked if tokens are valid: true, expires at: 1783477605808
[debug] [2026-07-08T01:27:28.632Z] Checked if tokens are valid: true, expires at: 1783477605808
[debug] [2026-07-08T01:27:28.632Z] >>> [apiv2][query] GET https://cloudresourcemanager.googleapis.com/v1/projects/game-night-bd8ca [none]
[debug] [2026-07-08T01:27:28.746Z] <<< [apiv2][status] GET https://cloudresourcemanager.googleapis.com/v1/projects/game-night-bd8ca 200
[debug] [2026-07-08T01:27:28.746Z] <<< [apiv2][body] GET https://cloudresourcemanager.googleapis.com/v1/projects/game-night-bd8ca {"projectNumber":"583547518826","projectId":"game-night-bd8ca","lifecycleState":"ACTIVE","name":"game-night","labels":{"firebase":"enabled","firebase-core":"disabled"},"createTime":"2026-07-07T02:44:55.966Z"}
[debug] [2026-07-08T01:27:28.747Z] Checked if tokens are valid: true, expires at: 1783477605808
[debug] [2026-07-08T01:27:28.747Z] Checked if tokens are valid: true, expires at: 1783477605808
[debug] [2026-07-08T01:27:28.747Z] >>> [apiv2][query] GET https://compute.googleapis.com/compute/v1/projects/583547518826 [none]
[debug] [2026-07-08T01:27:28.924Z] <<< [apiv2][status] GET https://compute.googleapis.com/compute/v1/projects/583547518826 403
[debug] [2026-07-08T01:27:28.925Z] <<< [apiv2][body] GET https://compute.googleapis.com/compute/v1/projects/583547518826 {"error":{"code":403,"message":"Compute Engine API has not been used in project 583547518826 before or it is disabled. Enable it by visiting https://console.developers.google.com/apis/api/compute.googleapis.com/overview?project=583547518826 then retry. If you enabled this API recently, wait a few minutes for the action to propagate to our systems and retry.","errors":[{"message":"Compute Engine API has not been used in project 583547518826 before or it is disabled. Enable it by visiting https://console.developers.google.com/apis/api/compute.googleapis.com/overview?project=583547518826 then retry. If you enabled this API recently, wait a few minutes for the action to propagate to our systems and retry.","domain":"usageLimits","reason":"accessNotConfigured","extendedHelp":"https://console.developers.google.com"}],"status":"PERMISSION_DENIED","details":[{"@type":"type.googleapis.com/google.rpc.ErrorInfo","reason":"SERVICE_DISABLED","domain":"googleapis.com","metadata":{"activationUrl":"https://console.developers.google.com/apis/api/compute.googleapis.com/overview?project=583547518826","consumer":"projects/583547518826","serviceTitle":"Compute Engine API","service":"compute.googleapis.com","containerInfo":"583547518826"}},{"@type":"type.googleapis.com/google.rpc.LocalizedMessage","locale":"en-US","message":"Compute Engine API has not been used in project 583547518826 before or it is disabled. Enable it by visiting https://console.developers.google.com/apis/api/compute.googleapis.com/overview?project=583547518826 then retry. If you enabled this API recently, wait a few minutes for the action to propagate to our systems and retry."},{"@type":"type.googleapis.com/google.rpc.Help","links":[{"description":"Google developers console API activation","url":"https://console.developers.google.com/apis/api/compute.googleapis.com/overview?project=583547518826"}]}]}}
[debug] [2026-07-08T01:27:28.925Z] unable to look up default compute service account. Falling back to 583547518826-compute@developer.gserviceaccount.com. Error: {"name":"FirebaseError","children":[],"context":{"body":{"error":{"code":403,"message":"Compute Engine API has not been used in project 583547518826 before or it is disabled. Enable it by visiting https://console.developers.google.com/apis/api/compute.googleapis.com/overview?project=583547518826 then retry. If you enabled this API recently, wait a few minutes for the action to propagate to our systems and retry.","errors":[{"message":"Compute Engine API has not been used in project 583547518826 before or it is disabled. Enable it by visiting https://console.developers.google.com/apis/api/compute.googleapis.com/overview?project=583547518826 then retry. If you enabled this API recently, wait a few minutes for the action to propagate to our systems and retry.","domain":"usageLimits","reason":"accessNotConfigured","extendedHelp":"https://console.developers.google.com"}],"status":"PERMISSION_DENIED","details":[{"@type":"type.googleapis.com/google.rpc.ErrorInfo","reason":"SERVICE_DISABLED","domain":"googleapis.com","metadata":{"activationUrl":"https://console.developers.google.com/apis/api/compute.googleapis.com/overview?project=583547518826","consumer":"projects/583547518826","serviceTitle":"Compute Engine API","service":"compute.googleapis.com","containerInfo":"583547518826"}},{"@type":"type.googleapis.com/google.rpc.LocalizedMessage","locale":"en-US","message":"Compute Engine API has not been used in project 583547518826 before or it is disabled. Enable it by visiting https://console.developers.google.com/apis/api/compute.googleapis.com/overview?project=583547518826 then retry. If you enabled this API recently, wait a few minutes for the action to propagate to our systems and retry."},{"@type":"type.googleapis.com/google.rpc.Help","links":[{"description":"Google developers console API activation","url":"https://console.developers.google.com/apis/api/compute.googleapis.com/overview?project=583547518826"}]}]}},"response":{"statusCode":403}},"exit":1,"message":"Request to https://compute.googleapis.com/compute/v1/projects/583547518826 had HTTP Error: 403, Compute Engine API has not been used in project 583547518826 before or it is disabled. Enable it by visiting https://console.developers.google.com/apis/api/compute.googleapis.com/overview?project=583547518826 then retry. If you enabled this API recently, wait a few minutes for the action to propagate to our systems and retry.","status":403}
[debug] [2026-07-08T01:27:28.925Z] Checked if tokens are valid: true, expires at: 1783477605808
[debug] [2026-07-08T01:27:28.925Z] Checked if tokens are valid: true, expires at: 1783477605808
[debug] [2026-07-08T01:27:28.926Z] >>> [apiv2][query] GET https://compute.googleapis.com/compute/v1/projects/583547518826 [none]
[debug] [2026-07-08T01:27:28.975Z] <<< [apiv2][status] GET https://compute.googleapis.com/compute/v1/projects/583547518826 403
[debug] [2026-07-08T01:27:28.975Z] <<< [apiv2][body] GET https://compute.googleapis.com/compute/v1/projects/583547518826 {"error":{"code":403,"message":"Compute Engine API has not been used in project 583547518826 before or it is disabled. Enable it by visiting https://console.developers.google.com/apis/api/compute.googleapis.com/overview?project=583547518826 then retry. If you enabled this API recently, wait a few minutes for the action to propagate to our systems and retry.","errors":[{"message":"Compute Engine API has not been used in project 583547518826 before or it is disabled. Enable it by visiting https://console.developers.google.com/apis/api/compute.googleapis.com/overview?project=583547518826 then retry. If you enabled this API recently, wait a few minutes for the action to propagate to our systems and retry.","domain":"usageLimits","reason":"accessNotConfigured","extendedHelp":"https://console.developers.google.com"}],"status":"PERMISSION_DENIED","details":[{"@type":"type.googleapis.com/google.rpc.ErrorInfo","reason":"SERVICE_DISABLED","domain":"googleapis.com","metadata":{"containerInfo":"583547518826","service":"compute.googleapis.com","serviceTitle":"Compute Engine API","activationUrl":"https://console.developers.google.com/apis/api/compute.googleapis.com/overview?project=583547518826","consumer":"projects/583547518826"}},{"@type":"type.googleapis.com/google.rpc.LocalizedMessage","locale":"en-US","message":"Compute Engine API has not been used in project 583547518826 before or it is disabled. Enable it by visiting https://console.developers.google.com/apis/api/compute.googleapis.com/overview?project=583547518826 then retry. If you enabled this API recently, wait a few minutes for the action to propagate to our systems and retry."},{"@type":"type.googleapis.com/google.rpc.Help","links":[{"description":"Google developers console API activation","url":"https://console.developers.google.com/apis/api/compute.googleapis.com/overview?project=583547518826"}]}]}}
[debug] [2026-07-08T01:27:28.975Z] unable to look up default compute service account. Falling back to 583547518826-compute@developer.gserviceaccount.com. Error: {"name":"FirebaseError","children":[],"context":{"body":{"error":{"code":403,"message":"Compute Engine API has not been used in project 583547518826 before or it is disabled. Enable it by visiting https://console.developers.google.com/apis/api/compute.googleapis.com/overview?project=583547518826 then retry. If you enabled this API recently, wait a few minutes for the action to propagate to our systems and retry.","errors":[{"message":"Compute Engine API has not been used in project 583547518826 before or it is disabled. Enable it by visiting https://console.developers.google.com/apis/api/compute.googleapis.com/overview?project=583547518826 then retry. If you enabled this API recently, wait a few minutes for the action to propagate to our systems and retry.","domain":"usageLimits","reason":"accessNotConfigured","extendedHelp":"https://console.developers.google.com"}],"status":"PERMISSION_DENIED","details":[{"@type":"type.googleapis.com/google.rpc.ErrorInfo","reason":"SERVICE_DISABLED","domain":"googleapis.com","metadata":{"containerInfo":"583547518826","service":"compute.googleapis.com","serviceTitle":"Compute Engine API","activationUrl":"https://console.developers.google.com/apis/api/compute.googleapis.com/overview?project=583547518826","consumer":"projects/583547518826"}},{"@type":"type.googleapis.com/google.rpc.LocalizedMessage","locale":"en-US","message":"Compute Engine API has not been used in project 583547518826 before or it is disabled. Enable it by visiting https://console.developers.google.com/apis/api/compute.googleapis.com/overview?project=583547518826 then retry. If you enabled this API recently, wait a few minutes for the action to propagate to our systems and retry."},{"@type":"type.googleapis.com/google.rpc.Help","links":[{"description":"Google developers console API activation","url":"https://console.developers.google.com/apis/api/compute.googleapis.com/overview?project=583547518826"}]}]}},"response":{"statusCode":403}},"exit":1,"message":"Request to https://compute.googleapis.com/compute/v1/projects/583547518826 had HTTP Error: 403, Compute Engine API has not been used in project 583547518826 before or it is disabled. Enable it by visiting https://console.developers.google.com/apis/api/compute.googleapis.com/overview?project=583547518826 then retry. If you enabled this API recently, wait a few minutes for the action to propagate to our systems and retry.","status":403}
[debug] [2026-07-08T01:27:28.976Z] Checked if tokens are valid: true, expires at: 1783477605808
[debug] [2026-07-08T01:27:28.976Z] Checked if tokens are valid: true, expires at: 1783477605808
[debug] [2026-07-08T01:27:28.976Z] >>> [apiv2][query] GET https://firebaserules.googleapis.com/v1/projects/game-night-bd8ca/releases pageSize=10&pageToken=
[debug] [2026-07-08T01:27:29.141Z] <<< [apiv2][status] GET https://firebaserules.googleapis.com/v1/projects/game-night-bd8ca/releases 200
[debug] [2026-07-08T01:27:29.141Z] <<< [apiv2][body] GET https://firebaserules.googleapis.com/v1/projects/game-night-bd8ca/releases {"releases":[{"name":"projects/game-night-bd8ca/releases/cloud.firestore","rulesetName":"projects/game-night-bd8ca/rulesets/8cb5814c-2f5c-49be-a3ed-eea0a00978e8","createTime":"2026-07-07T02:46:12.866164Z","updateTime":"2026-07-07T03:26:05.205494Z"}]}
[debug] [2026-07-08T01:27:29.142Z] Checked if tokens are valid: true, expires at: 1783477605808
[debug] [2026-07-08T01:27:29.142Z] Checked if tokens are valid: true, expires at: 1783477605808
[debug] [2026-07-08T01:27:29.142Z] >>> [apiv2][query] GET https://firebaserules.googleapis.com/v1/projects/game-night-bd8ca/rulesets/8cb5814c-2f5c-49be-a3ed-eea0a00978e8 [none]
[debug] [2026-07-08T01:27:29.246Z] <<< [apiv2][status] GET https://firebaserules.googleapis.com/v1/projects/game-night-bd8ca/rulesets/8cb5814c-2f5c-49be-a3ed-eea0a00978e8 200
[debug] [2026-07-08T01:27:29.247Z] <<< [apiv2][body] GET https://firebaserules.googleapis.com/v1/projects/game-night-bd8ca/rulesets/8cb5814c-2f5c-49be-a3ed-eea0a00978e8 [omitted]
[info] i  firestore: uploading rules firestore.rules... 
[debug] [2026-07-08T01:27:29.248Z] Checked if tokens are valid: true, expires at: 1783477605808
[debug] [2026-07-08T01:27:29.248Z] Checked if tokens are valid: true, expires at: 1783477605808
[debug] [2026-07-08T01:27:29.248Z] >>> [apiv2][query] POST https://firebaserules.googleapis.com/v1/projects/game-night-bd8ca/rulesets [none]
[debug] [2026-07-08T01:27:29.248Z] >>> [apiv2][body] POST https://firebaserules.googleapis.com/v1/projects/game-night-bd8ca/rulesets [omitted]
[debug] [2026-07-08T01:27:29.409Z] <<< [apiv2][status] POST https://firebaserules.googleapis.com/v1/projects/game-night-bd8ca/rulesets 200
[debug] [2026-07-08T01:27:29.409Z] <<< [apiv2][body] POST https://firebaserules.googleapis.com/v1/projects/game-night-bd8ca/rulesets {"name":"projects/game-night-bd8ca/rulesets/bb8ab494-4533-4295-ae5a-43c0e80ac643","source":{"files":[{"content":"rules_version = '2';\n\nservice cloud.firestore {\n  match /databases/{database}/documents {\n\n    function isSignedIn() {\n      return request.auth != null;\n    }\n\n    function isSelf(uid) {\n      return isSignedIn() && request.auth.uid == uid;\n    }\n\n    match /users/{uid} {\n      allow read: if isSignedIn();\n      allow write: if isSelf(uid);\n\n      match /follows/{followedUid} {\n        allow read, write: if isSelf(uid);\n      }\n    }\n\n    // Read-only from clients — seeded via scripts/seedCatalog.mjs (Admin SDK).\n    match /gameCatalog/{gameType} {\n      allow read: if isSignedIn();\n      allow write: if false;\n    }\n\n    match /roomCodes/{code} {\n      allow read: if isSignedIn();\n      allow create: if isSignedIn();\n      allow update, delete: if false;\n    }\n\n    match /gameRooms/{roomId} {\n      allow read: if isSignedIn();\n      allow create: if isSignedIn() && request.resource.data.hostUid == request.auth.uid;\n      // Covers both existing players updating the room (leave/start/end) and a\n      // new joiner adding themselves to playerUids (they aren't in the old\n      // doc yet, so check the *incoming* array too).\n      allow update: if isSignedIn() && (\n        request.auth.uid in resource.data.playerUids ||\n        request.auth.uid in request.resource.data.playerUids\n      );\n      allow delete: if false;\n\n      // Phase 1 (real Love Letter gameplay) territory — not written by this\n      // build, but locked down now so hidden information never leaks.\n      match /state/{document=**} {\n        allow read: if isSignedIn() &&\n          request.auth.uid in get(/databases/$(database)/documents/gameRooms/$(roomId)).data.playerUids;\n        allow write: if false;\n      }\n\n      match /hands/{uid} {\n        allow read: if isSelf(uid);\n        allow write: if false;\n      }\n\n      match /log/{entryId} {\n        allow read: if isSignedIn() &&\n          request.auth.uid in get(/databases/$(database)/documents/gameRooms/$(roomId)).data.playerUids;\n        allow write: if false;\n      }\n\n      // Holds the actual shuffled draw pile order — unlike state/**, this is\n      // never readable by clients (even players in the room), since knowing\n      // it would reveal everyone's future draws. Only Cloud Functions (Admin\n      // SDK, which bypasses rules entirely) ever touch it. This block is\n      // technically redundant with Firestore's default-deny for unmatched\n      // paths, but written explicitly so the intent isn't implicit.\n      match /secret/{document=**} {\n        allow read, write: if false;\n      }\n    }\n  }\n}\n","name":"firestore.rules"}]},"createTime":"2026-07-08T01:27:29.445743Z","metadata":{"services":["cloud.firestore"]}}
[debug] [2026-07-08T01:27:29.410Z] [rules] created ruleset projects/game-night-bd8ca/rulesets/bb8ab494-4533-4295-ae5a-43c0e80ac643
[debug] [2026-07-08T01:27:29.411Z] Checked if tokens are valid: true, expires at: 1783477605808
[debug] [2026-07-08T01:27:29.411Z] Checked if tokens are valid: true, expires at: 1783477605808
[debug] [2026-07-08T01:27:29.411Z] >>> [apiv2][query] GET https://serviceusage.googleapis.com/v1/projects/game-night-bd8ca/services/cloudbilling.googleapis.com [none]
[debug] [2026-07-08T01:27:29.411Z] >>> [apiv2][(partial)header] GET https://serviceusage.googleapis.com/v1/projects/game-night-bd8ca/services/cloudbilling.googleapis.com  x-goog-user-project=game-night-bd8ca
[debug] [2026-07-08T01:27:29.612Z] <<< [apiv2][status] GET https://serviceusage.googleapis.com/v1/projects/game-night-bd8ca/services/cloudbilling.googleapis.com 200
[debug] [2026-07-08T01:27:29.613Z] <<< [apiv2][body] GET https://serviceusage.googleapis.com/v1/projects/game-night-bd8ca/services/cloudbilling.googleapis.com [omitted]
[debug] [2026-07-08T01:27:29.613Z] Checked if tokens are valid: true, expires at: 1783477605808
[debug] [2026-07-08T01:27:29.613Z] Checked if tokens are valid: true, expires at: 1783477605808
[debug] [2026-07-08T01:27:29.613Z] >>> [apiv2][query] POST https://serviceusage.googleapis.com/v1/projects/game-night-bd8ca/services/cloudbilling.googleapis.com:enable [none]
[debug] [2026-07-08T01:27:29.613Z] >>> [apiv2][(partial)header] POST https://serviceusage.googleapis.com/v1/projects/game-night-bd8ca/services/cloudbilling.googleapis.com:enable  x-goog-user-project=game-night-bd8ca
[debug] [2026-07-08T01:27:29.908Z] <<< [apiv2][status] POST https://serviceusage.googleapis.com/v1/projects/game-night-bd8ca/services/cloudbilling.googleapis.com:enable 200
[debug] [2026-07-08T01:27:29.908Z] <<< [apiv2][body] POST https://serviceusage.googleapis.com/v1/projects/game-night-bd8ca/services/cloudbilling.googleapis.com:enable [omitted]
[debug] [2026-07-08T01:27:39.920Z] Checked if tokens are valid: true, expires at: 1783477605808
[debug] [2026-07-08T01:27:39.920Z] Checked if tokens are valid: true, expires at: 1783477605808
[debug] [2026-07-08T01:27:39.920Z] >>> [apiv2][query] GET https://cloudbilling.googleapis.com/v1/projects/game-night-bd8ca/billingInfo [none]
[debug] [2026-07-08T01:27:39.920Z] >>> [apiv2][(partial)header] GET https://cloudbilling.googleapis.com/v1/projects/game-night-bd8ca/billingInfo  x-goog-user-project=game-night-bd8ca
[debug] [2026-07-08T01:27:40.085Z] <<< [apiv2][status] GET https://cloudbilling.googleapis.com/v1/projects/game-night-bd8ca/billingInfo 200
[debug] [2026-07-08T01:27:40.085Z] <<< [apiv2][body] GET https://cloudbilling.googleapis.com/v1/projects/game-night-bd8ca/billingInfo {"name":"projects/game-night-bd8ca/billingInfo","projectId":"game-night-bd8ca","billingAccountName":"billingAccounts/01C080-A6224D-FDAE1C","billingEnabled":true}
[debug] [2026-07-08T01:27:40.089Z] Checked if tokens are valid: true, expires at: 1783477605808
[debug] [2026-07-08T01:27:40.089Z] Checked if tokens are valid: true, expires at: 1783477605808
[debug] [2026-07-08T01:27:40.089Z] >>> [apiv2][query] POST https://cloudfunctions.googleapis.com/v2/projects/game-night-bd8ca/locations/us-central1/functions:generateUploadUrl [none]
[debug] [2026-07-08T01:27:41.816Z] <<< [apiv2][status] POST https://cloudfunctions.googleapis.com/v2/projects/game-night-bd8ca/locations/us-central1/functions:generateUploadUrl 200
[debug] [2026-07-08T01:27:41.817Z] <<< [apiv2][body] POST https://cloudfunctions.googleapis.com/v2/projects/game-night-bd8ca/locations/us-central1/functions:generateUploadUrl {"uploadUrl":"https://storage.googleapis.com/gcf-v2-uploads-583547518826.us-central1.cloudfunctions.appspot.com/2643d338-d077-4ffb-9fa7-caed78707699.zip?GoogleAccessId=service-583547518826@gcf-admin-robot.iam.gserviceaccount.com&Expires=1783475861&Signature=SghEhpFbXT2h%2B2FuQTx0DQ3eb7UHPwqIFCpMBFK4NkgAqAsXjVo0LVvn9iJXDAXCKltJ9iaxjtERycOJoxU1nKdThRyGVXSeO%2B43aD0FEmUlS6VayX425l2oUaltQnFvRqVbLBrUgJq7j2%2FjHC40YgqpEnM9MukiuVcJPz6po3tTXdvD36B39QGgL8cUnrOZQQJMZ0NQIv1e3aiACUqtPCUAmZV4R0Yi4DMy5Go3T1wsozjWHJydJ5LZh2ArXWRXfdq1tOLzRLE0jJoHkCkBVAwyDUnwnTzTCDIJY55Zhgj3TJ4jzQVuNQMlKSKnk0TLnnXRD6H0Va8LF9P1oUZngA%3D%3D","storageSource":{"bucket":"gcf-v2-uploads-583547518826.us-central1.cloudfunctions.appspot.com","object":"2643d338-d077-4ffb-9fa7-caed78707699.zip"}}
[debug] [2026-07-08T01:27:41.820Z] >>> [apiv2][query] PUT https://storage.googleapis.com/gcf-v2-uploads-583547518826.us-central1.cloudfunctions.appspot.com/2643d338-d077-4ffb-9fa7-caed78707699.zip GoogleAccessId=service-583547518826%40gcf-admin-robot.iam.gserviceaccount.com&Expires=1783475861&Signature=SghEhpFbXT2h%2B2FuQTx0DQ3eb7UHPwqIFCpMBFK4NkgAqAsXjVo0LVvn9iJXDAXCKltJ9iaxjtERycOJoxU1nKdThRyGVXSeO%2B43aD0FEmUlS6VayX425l2oUaltQnFvRqVbLBrUgJq7j2%2FjHC40YgqpEnM9MukiuVcJPz6po3tTXdvD36B39QGgL8cUnrOZQQJMZ0NQIv1e3aiACUqtPCUAmZV4R0Yi4DMy5Go3T1wsozjWHJydJ5LZh2ArXWRXfdq1tOLzRLE0jJoHkCkBVAwyDUnwnTzTCDIJY55Zhgj3TJ4jzQVuNQMlKSKnk0TLnnXRD6H0Va8LF9P1oUZngA%3D%3D
[debug] [2026-07-08T01:27:41.820Z] >>> [apiv2][body] PUT https://storage.googleapis.com/gcf-v2-uploads-583547518826.us-central1.cloudfunctions.appspot.com/2643d338-d077-4ffb-9fa7-caed78707699.zip [stream]
[debug] [2026-07-08T01:27:42.181Z] <<< [apiv2][status] PUT https://storage.googleapis.com/gcf-v2-uploads-583547518826.us-central1.cloudfunctions.appspot.com/2643d338-d077-4ffb-9fa7-caed78707699.zip 200
[debug] [2026-07-08T01:27:42.182Z] <<< [apiv2][body] PUT https://storage.googleapis.com/gcf-v2-uploads-583547518826.us-central1.cloudfunctions.appspot.com/2643d338-d077-4ffb-9fa7-caed78707699.zip [omitted]
[info] ✔  functions: functions source uploaded successfully 
[debug] [2026-07-08T01:27:42.183Z] [rules] releasing cloud.firestore with ruleset projects/game-night-bd8ca/rulesets/bb8ab494-4533-4295-ae5a-43c0e80ac643
[debug] [2026-07-08T01:27:42.184Z] Checked if tokens are valid: true, expires at: 1783477605808
[debug] [2026-07-08T01:27:42.184Z] Checked if tokens are valid: true, expires at: 1783477605808
[debug] [2026-07-08T01:27:42.184Z] >>> [apiv2][query] PATCH https://firebaserules.googleapis.com/v1/projects/game-night-bd8ca/releases/cloud.firestore [none]
[debug] [2026-07-08T01:27:42.184Z] >>> [apiv2][body] PATCH https://firebaserules.googleapis.com/v1/projects/game-night-bd8ca/releases/cloud.firestore {"release":{"name":"projects/game-night-bd8ca/releases/cloud.firestore","rulesetName":"projects/game-night-bd8ca/rulesets/bb8ab494-4533-4295-ae5a-43c0e80ac643"}}
[debug] [2026-07-08T01:27:42.367Z] <<< [apiv2][status] PATCH https://firebaserules.googleapis.com/v1/projects/game-night-bd8ca/releases/cloud.firestore 200
[debug] [2026-07-08T01:27:42.368Z] <<< [apiv2][body] PATCH https://firebaserules.googleapis.com/v1/projects/game-night-bd8ca/releases/cloud.firestore {"name":"projects/game-night-bd8ca/releases/cloud.firestore","rulesetName":"projects/game-night-bd8ca/rulesets/bb8ab494-4533-4295-ae5a-43c0e80ac643","createTime":"2026-07-07T02:46:12.866164Z","updateTime":"2026-07-08T01:27:42.402621Z"}
[debug] [2026-07-08T01:27:42.368Z] [rules] updated release projects/game-night-bd8ca/releases/cloud.firestore
[info] ✔  firestore: released rules firestore.rules to cloud.firestore 
[info] i  functions: creating Node.js 20 (2nd Gen) function playCard(us-central1)... 
[info] i  functions: creating Node.js 20 (2nd Gen) function startGame(us-central1)... 
[debug] [2026-07-08T01:27:42.373Z] Checked if tokens are valid: true, expires at: 1783477605808
[debug] [2026-07-08T01:27:42.373Z] Checked if tokens are valid: true, expires at: 1783477605808
[debug] [2026-07-08T01:27:42.373Z] >>> [apiv2][query] POST https://cloudfunctions.googleapis.com/v2/projects/game-night-bd8ca/locations/us-central1/functions functionId=playCard
[debug] [2026-07-08T01:27:42.373Z] >>> [apiv2][body] POST https://cloudfunctions.googleapis.com/v2/projects/game-night-bd8ca/locations/us-central1/functions {"name":"projects/game-night-bd8ca/locations/us-central1/functions/playCard","buildConfig":{"runtime":"nodejs20","entryPoint":"playCard","source":{"storageSource":{"bucket":"gcf-v2-uploads-583547518826.us-central1.cloudfunctions.appspot.com","object":"2643d338-d077-4ffb-9fa7-caed78707699.zip"}},"environmentVariables":{"GOOGLE_NODE_RUN_SCRIPTS":""}},"serviceConfig":{"environmentVariables":{"FIREBASE_CONFIG":"{\"projectId\":\"game-night-bd8ca\",\"databaseURL\":\"https://game-night-bd8ca-default-rtdb.firebaseio.com\",\"storageBucket\":\"game-night-bd8ca.firebasestorage.app\"}","GCLOUD_PROJECT":"game-night-bd8ca","EVENTARC_CLOUD_EVENT_SOURCE":"projects/game-night-bd8ca/locations/us-central1/services/playCard","FUNCTION_TARGET":"playCard","LOG_EXECUTION_ID":"true"},"ingressSettings":null,"timeoutSeconds":null,"serviceAccountEmail":null,"availableMemory":"256Mi","minInstanceCount":null,"maxInstanceCount":null,"maxInstanceRequestConcurrency":80,"availableCpu":"1","vpcConnector":null,"vpcConnectorEgressSettings":null,"directVpcNetworkInterface":null,"directVpcEgress":null},"labels":{"deployment-tool":"cli-firebase","deployment-callable":"true","firebase-functions-hash":"7ef0c1ea5069acd9c6d3f586620cc43c5264aa87"}}
[debug] [2026-07-08T01:27:44.485Z] <<< [apiv2][status] POST https://cloudfunctions.googleapis.com/v2/projects/game-night-bd8ca/locations/us-central1/functions 200
[debug] [2026-07-08T01:27:44.486Z] <<< [apiv2][body] POST https://cloudfunctions.googleapis.com/v2/projects/game-night-bd8ca/locations/us-central1/functions {"name":"projects/game-night-bd8ca/locations/us-central1/operations/operation-1783474062574-6560f69f7452b-e335f353-9dda5309","metadata":{"@type":"type.googleapis.com/google.cloud.functions.v2.OperationMetadata","createTime":"2026-07-08T01:27:44.512028516Z","target":"projects/game-night-bd8ca/locations/us-central1/functions/playCard","verb":"create","cancelRequested":false,"apiVersion":"v2"},"done":false}
[debug] [2026-07-08T01:27:44.487Z] Checked if tokens are valid: true, expires at: 1783477605808
[debug] [2026-07-08T01:27:44.487Z] Checked if tokens are valid: true, expires at: 1783477605808
[debug] [2026-07-08T01:27:44.487Z] >>> [apiv2][query] GET https://cloudfunctions.googleapis.com/v2/projects/game-night-bd8ca/locations/us-central1/operations/operation-1783474062574-6560f69f7452b-e335f353-9dda5309 [none]
[debug] [2026-07-08T01:27:44.578Z] <<< [apiv2][status] GET https://cloudfunctions.googleapis.com/v2/projects/game-night-bd8ca/locations/us-central1/operations/operation-1783474062574-6560f69f7452b-e335f353-9dda5309 200
[debug] [2026-07-08T01:27:44.578Z] <<< [apiv2][body] GET https://cloudfunctions.googleapis.com/v2/projects/game-night-bd8ca/locations/us-central1/operations/operation-1783474062574-6560f69f7452b-e335f353-9dda5309 {"name":"projects/game-night-bd8ca/locations/us-central1/operations/operation-1783474062574-6560f69f7452b-e335f353-9dda5309","metadata":{"@type":"type.googleapis.com/google.cloud.functions.v2.OperationMetadata","createTime":"2026-07-08T01:27:44.512028516Z","target":"projects/game-night-bd8ca/locations/us-central1/functions/playCard","verb":"create","cancelRequested":false,"apiVersion":"v2"},"done":false}
[debug] [2026-07-08T01:27:45.081Z] [create-default-us-central1-playCard] Retrying task index 0
[debug] [2026-07-08T01:27:45.082Z] Checked if tokens are valid: true, expires at: 1783477605808
[debug] [2026-07-08T01:27:45.082Z] Checked if tokens are valid: true, expires at: 1783477605808
[debug] [2026-07-08T01:27:45.082Z] >>> [apiv2][query] GET https://cloudfunctions.googleapis.com/v2/projects/game-night-bd8ca/locations/us-central1/operations/operation-1783474062574-6560f69f7452b-e335f353-9dda5309 [none]
[debug] [2026-07-08T01:27:45.211Z] <<< [apiv2][status] GET https://cloudfunctions.googleapis.com/v2/projects/game-night-bd8ca/locations/us-central1/operations/operation-1783474062574-6560f69f7452b-e335f353-9dda5309 200
[debug] [2026-07-08T01:27:45.212Z] <<< [apiv2][body] GET https://cloudfunctions.googleapis.com/v2/projects/game-night-bd8ca/locations/us-central1/operations/operation-1783474062574-6560f69f7452b-e335f353-9dda5309 {"name":"projects/game-night-bd8ca/locations/us-central1/operations/operation-1783474062574-6560f69f7452b-e335f353-9dda5309","metadata":{"@type":"type.googleapis.com/google.cloud.functions.v2.OperationMetadata","createTime":"2026-07-08T01:27:44.512028516Z","target":"projects/game-night-bd8ca/locations/us-central1/functions/playCard","verb":"create","cancelRequested":false,"apiVersion":"v2","requestResource":{"@type":"type.googleapis.com/google.cloud.functions.v2.Function","name":"projects/game-night-bd8ca/locations/us-central1/functions/playCard","buildConfig":{"runtime":"nodejs20","entryPoint":"playCard","source":{"storageSource":{"bucket":"gcf-v2-sources-583547518826-us-central1","object":"playCard/function-source.zip","generation":"1783474063924392"}},"environmentVariables":{"GOOGLE_NODE_RUN_SCRIPTS":""},"serviceAccount":"projects/game-night-bd8ca/serviceAccounts/583547518826-compute@developer.gserviceaccount.com","automaticUpdatePolicy":{}},"serviceConfig":{"service":"projects/game-night-bd8ca/locations/us-central1/services/playcard","timeoutSeconds":60,"environmentVariables":{"FIREBASE_CONFIG":"{\"projectId\":\"game-night-bd8ca\",\"databaseURL\":\"https://game-night-bd8ca-default-rtdb.firebaseio.com\",\"storageBucket\":\"game-night-bd8ca.firebasestorage.app\"}","GCLOUD_PROJECT":"game-night-bd8ca","EVENTARC_CLOUD_EVENT_SOURCE":"projects/game-night-bd8ca/locations/us-central1/services/playCard","FUNCTION_TARGET":"playCard","LOG_EXECUTION_ID":"true"},"ingressSettings":"ALLOW_ALL","serviceAccountEmail":"583547518826-compute@developer.gserviceaccount.com","availableMemory":"256Mi","maxInstanceRequestConcurrency":80,"availableCpu":"1"},"labels":{"deployment-tool":"cli-firebase","deployment-callable":"true","firebase-functions-hash":"7ef0c1ea5069acd9c6d3f586620cc43c5264aa87"},"environment":"GEN_2"},"stages":[{"name":"BUILD","state":"NOT_STARTED","stateMessages":[{"severity":"WARNING","type":"BuildAnalysisWarning","message":"Node.js 20 is no longer supported by the Node.js community as of 30 April, 2026. Runtime nodejs20 is currently deprecated for Cloud Functions. We recommend you to upgrade to the latest version of Node.js as soon as possible."}]},{"name":"SERVICE","state":"NOT_STARTED"}],"operationType":"CREATE_FUNCTION"},"done":false}
[debug] [2026-07-08T01:27:46.213Z] [create-default-us-central1-playCard] Retrying task index 0
[debug] [2026-07-08T01:27:46.214Z] Checked if tokens are valid: true, expires at: 1783477605808
[debug] [2026-07-08T01:27:46.214Z] Checked if tokens are valid: true, expires at: 1783477605808
[debug] [2026-07-08T01:27:46.214Z] >>> [apiv2][query] GET https://cloudfunctions.googleapis.com/v2/projects/game-night-bd8ca/locations/us-central1/operations/operation-1783474062574-6560f69f7452b-e335f353-9dda5309 [none]
[debug] [2026-07-08T01:27:46.341Z] <<< [apiv2][status] GET https://cloudfunctions.googleapis.com/v2/projects/game-night-bd8ca/locations/us-central1/operations/operation-1783474062574-6560f69f7452b-e335f353-9dda5309 200
[debug] [2026-07-08T01:27:46.341Z] <<< [apiv2][body] GET https://cloudfunctions.googleapis.com/v2/projects/game-night-bd8ca/locations/us-central1/operations/operation-1783474062574-6560f69f7452b-e335f353-9dda5309 {"name":"projects/game-night-bd8ca/locations/us-central1/operations/operation-1783474062574-6560f69f7452b-e335f353-9dda5309","metadata":{"@type":"type.googleapis.com/google.cloud.functions.v2.OperationMetadata","createTime":"2026-07-08T01:27:44.512028516Z","target":"projects/game-night-bd8ca/locations/us-central1/functions/playCard","verb":"create","cancelRequested":false,"apiVersion":"v2","requestResource":{"@type":"type.googleapis.com/google.cloud.functions.v2.Function","name":"projects/game-night-bd8ca/locations/us-central1/functions/playCard","buildConfig":{"runtime":"nodejs20","entryPoint":"playCard","source":{"storageSource":{"bucket":"gcf-v2-sources-583547518826-us-central1","object":"playCard/function-source.zip","generation":"1783474063924392"}},"environmentVariables":{"GOOGLE_NODE_RUN_SCRIPTS":""},"serviceAccount":"projects/game-night-bd8ca/serviceAccounts/583547518826-compute@developer.gserviceaccount.com","automaticUpdatePolicy":{}},"serviceConfig":{"service":"projects/game-night-bd8ca/locations/us-central1/services/playcard","timeoutSeconds":60,"environmentVariables":{"FIREBASE_CONFIG":"{\"projectId\":\"game-night-bd8ca\",\"databaseURL\":\"https://game-night-bd8ca-default-rtdb.firebaseio.com\",\"storageBucket\":\"game-night-bd8ca.firebasestorage.app\"}","GCLOUD_PROJECT":"game-night-bd8ca","EVENTARC_CLOUD_EVENT_SOURCE":"projects/game-night-bd8ca/locations/us-central1/services/playCard","FUNCTION_TARGET":"playCard","LOG_EXECUTION_ID":"true"},"ingressSettings":"ALLOW_ALL","serviceAccountEmail":"583547518826-compute@developer.gserviceaccount.com","availableMemory":"256Mi","maxInstanceRequestConcurrency":80,"availableCpu":"1"},"labels":{"deployment-tool":"cli-firebase","deployment-callable":"true","firebase-functions-hash":"7ef0c1ea5069acd9c6d3f586620cc43c5264aa87"},"environment":"GEN_2"},"stages":[{"name":"BUILD","state":"NOT_STARTED","stateMessages":[{"severity":"WARNING","type":"BuildAnalysisWarning","message":"Node.js 20 is no longer supported by the Node.js community as of 30 April, 2026. Runtime nodejs20 is currently deprecated for Cloud Functions. We recommend you to upgrade to the latest version of Node.js as soon as possible."}]},{"name":"SERVICE","state":"NOT_STARTED"}],"operationType":"CREATE_FUNCTION"},"done":false}
[debug] [2026-07-08T01:27:48.343Z] [create-default-us-central1-playCard] Retrying task index 0
[debug] [2026-07-08T01:27:48.343Z] Checked if tokens are valid: true, expires at: 1783477605808
[debug] [2026-07-08T01:27:48.344Z] Checked if tokens are valid: true, expires at: 1783477605808
[debug] [2026-07-08T01:27:48.344Z] >>> [apiv2][query] GET https://cloudfunctions.googleapis.com/v2/projects/game-night-bd8ca/locations/us-central1/operations/operation-1783474062574-6560f69f7452b-e335f353-9dda5309 [none]
[debug] [2026-07-08T01:27:48.442Z] <<< [apiv2][status] GET https://cloudfunctions.googleapis.com/v2/projects/game-night-bd8ca/locations/us-central1/operations/operation-1783474062574-6560f69f7452b-e335f353-9dda5309 200
[debug] [2026-07-08T01:27:48.443Z] <<< [apiv2][body] GET https://cloudfunctions.googleapis.com/v2/projects/game-night-bd8ca/locations/us-central1/operations/operation-1783474062574-6560f69f7452b-e335f353-9dda5309 {"name":"projects/game-night-bd8ca/locations/us-central1/operations/operation-1783474062574-6560f69f7452b-e335f353-9dda5309","metadata":{"@type":"type.googleapis.com/google.cloud.functions.v2.OperationMetadata","createTime":"2026-07-08T01:27:44.512028516Z","target":"projects/game-night-bd8ca/locations/us-central1/functions/playCard","verb":"create","cancelRequested":false,"apiVersion":"v2","requestResource":{"@type":"type.googleapis.com/google.cloud.functions.v2.Function","name":"projects/game-night-bd8ca/locations/us-central1/functions/playCard","buildConfig":{"runtime":"nodejs20","entryPoint":"playCard","source":{"storageSource":{"bucket":"gcf-v2-sources-583547518826-us-central1","object":"playCard/function-source.zip","generation":"1783474063924392"}},"environmentVariables":{"GOOGLE_NODE_RUN_SCRIPTS":""},"serviceAccount":"projects/game-night-bd8ca/serviceAccounts/583547518826-compute@developer.gserviceaccount.com","automaticUpdatePolicy":{}},"serviceConfig":{"service":"projects/game-night-bd8ca/locations/us-central1/services/playcard","timeoutSeconds":60,"environmentVariables":{"FIREBASE_CONFIG":"{\"projectId\":\"game-night-bd8ca\",\"databaseURL\":\"https://game-night-bd8ca-default-rtdb.firebaseio.com\",\"storageBucket\":\"game-night-bd8ca.firebasestorage.app\"}","GCLOUD_PROJECT":"game-night-bd8ca","EVENTARC_CLOUD_EVENT_SOURCE":"projects/game-night-bd8ca/locations/us-central1/services/playCard","FUNCTION_TARGET":"playCard","LOG_EXECUTION_ID":"true"},"ingressSettings":"ALLOW_ALL","serviceAccountEmail":"583547518826-compute@developer.gserviceaccount.com","availableMemory":"256Mi","maxInstanceRequestConcurrency":80,"availableCpu":"1"},"labels":{"deployment-tool":"cli-firebase","deployment-callable":"true","firebase-functions-hash":"7ef0c1ea5069acd9c6d3f586620cc43c5264aa87"},"environment":"GEN_2"},"stages":[{"name":"BUILD","state":"NOT_STARTED","stateMessages":[{"severity":"WARNING","type":"BuildAnalysisWarning","message":"Node.js 20 is no longer supported by the Node.js community as of 30 April, 2026. Runtime nodejs20 is currently deprecated for Cloud Functions. We recommend you to upgrade to the latest version of Node.js as soon as possible."}]},{"name":"SERVICE","state":"NOT_STARTED"}],"operationType":"CREATE_FUNCTION"},"done":false}
[debug] [2026-07-08T01:27:52.444Z] [create-default-us-central1-playCard] Retrying task index 0
[debug] [2026-07-08T01:27:52.445Z] Checked if tokens are valid: true, expires at: 1783477605808
[debug] [2026-07-08T01:27:52.445Z] Checked if tokens are valid: true, expires at: 1783477605808
[debug] [2026-07-08T01:27:52.446Z] >>> [apiv2][query] GET https://cloudfunctions.googleapis.com/v2/projects/game-night-bd8ca/locations/us-central1/operations/operation-1783474062574-6560f69f7452b-e335f353-9dda5309 [none]
[debug] [2026-07-08T01:27:52.572Z] <<< [apiv2][status] GET https://cloudfunctions.googleapis.com/v2/projects/game-night-bd8ca/locations/us-central1/operations/operation-1783474062574-6560f69f7452b-e335f353-9dda5309 200
[debug] [2026-07-08T01:27:52.572Z] <<< [apiv2][body] GET https://cloudfunctions.googleapis.com/v2/projects/game-night-bd8ca/locations/us-central1/operations/operation-1783474062574-6560f69f7452b-e335f353-9dda5309 {"name":"projects/game-night-bd8ca/locations/us-central1/operations/operation-1783474062574-6560f69f7452b-e335f353-9dda5309","metadata":{"@type":"type.googleapis.com/google.cloud.functions.v2.OperationMetadata","createTime":"2026-07-08T01:27:44.512028516Z","target":"projects/game-night-bd8ca/locations/us-central1/functions/playCard","verb":"create","cancelRequested":false,"apiVersion":"v2","requestResource":{"@type":"type.googleapis.com/google.cloud.functions.v2.Function","name":"projects/game-night-bd8ca/locations/us-central1/functions/playCard","buildConfig":{"runtime":"nodejs20","entryPoint":"playCard","source":{"storageSource":{"bucket":"gcf-v2-sources-583547518826-us-central1","object":"playCard/function-source.zip","generation":"1783474063924392"}},"environmentVariables":{"GOOGLE_NODE_RUN_SCRIPTS":""},"serviceAccount":"projects/game-night-bd8ca/serviceAccounts/583547518826-compute@developer.gserviceaccount.com","automaticUpdatePolicy":{}},"serviceConfig":{"service":"projects/game-night-bd8ca/locations/us-central1/services/playcard","timeoutSeconds":60,"environmentVariables":{"FIREBASE_CONFIG":"{\"projectId\":\"game-night-bd8ca\",\"databaseURL\":\"https://game-night-bd8ca-default-rtdb.firebaseio.com\",\"storageBucket\":\"game-night-bd8ca.firebasestorage.app\"}","GCLOUD_PROJECT":"game-night-bd8ca","EVENTARC_CLOUD_EVENT_SOURCE":"projects/game-night-bd8ca/locations/us-central1/services/playCard","FUNCTION_TARGET":"playCard","LOG_EXECUTION_ID":"true"},"ingressSettings":"ALLOW_ALL","serviceAccountEmail":"583547518826-compute@developer.gserviceaccount.com","availableMemory":"256Mi","maxInstanceRequestConcurrency":80,"availableCpu":"1"},"labels":{"deployment-tool":"cli-firebase","deployment-callable":"true","firebase-functions-hash":"7ef0c1ea5069acd9c6d3f586620cc43c5264aa87"},"environment":"GEN_2"},"stages":[{"name":"BUILD","state":"NOT_STARTED","stateMessages":[{"severity":"WARNING","type":"BuildAnalysisWarning","message":"Node.js 20 is no longer supported by the Node.js community as of 30 April, 2026. Runtime nodejs20 is currently deprecated for Cloud Functions. We recommend you to upgrade to the latest version of Node.js as soon as possible."}]},{"name":"SERVICE","state":"NOT_STARTED"}],"operationType":"CREATE_FUNCTION"},"done":false}
[debug] [2026-07-08T01:28:00.574Z] [create-default-us-central1-playCard] Retrying task index 0
[debug] [2026-07-08T01:28:00.575Z] Checked if tokens are valid: true, expires at: 1783477605808
[debug] [2026-07-08T01:28:00.575Z] Checked if tokens are valid: true, expires at: 1783477605808
[debug] [2026-07-08T01:28:00.575Z] >>> [apiv2][query] GET https://cloudfunctions.googleapis.com/v2/projects/game-night-bd8ca/locations/us-central1/operations/operation-1783474062574-6560f69f7452b-e335f353-9dda5309 [none]
[debug] [2026-07-08T01:28:00.722Z] <<< [apiv2][status] GET https://cloudfunctions.googleapis.com/v2/projects/game-night-bd8ca/locations/us-central1/operations/operation-1783474062574-6560f69f7452b-e335f353-9dda5309 200
[debug] [2026-07-08T01:28:00.722Z] <<< [apiv2][body] GET https://cloudfunctions.googleapis.com/v2/projects/game-night-bd8ca/locations/us-central1/operations/operation-1783474062574-6560f69f7452b-e335f353-9dda5309 {"name":"projects/game-night-bd8ca/locations/us-central1/operations/operation-1783474062574-6560f69f7452b-e335f353-9dda5309","metadata":{"@type":"type.googleapis.com/google.cloud.functions.v2.OperationMetadata","createTime":"2026-07-08T01:27:44.512028516Z","target":"projects/game-night-bd8ca/locations/us-central1/functions/playCard","verb":"create","cancelRequested":false,"apiVersion":"v2","requestResource":{"@type":"type.googleapis.com/google.cloud.functions.v2.Function","name":"projects/game-night-bd8ca/locations/us-central1/functions/playCard","buildConfig":{"runtime":"nodejs20","entryPoint":"playCard","source":{"storageSource":{"bucket":"gcf-v2-sources-583547518826-us-central1","object":"playCard/function-source.zip","generation":"1783474063924392"}},"environmentVariables":{"GOOGLE_NODE_RUN_SCRIPTS":""},"serviceAccount":"projects/game-night-bd8ca/serviceAccounts/583547518826-compute@developer.gserviceaccount.com","automaticUpdatePolicy":{}},"serviceConfig":{"service":"projects/game-night-bd8ca/locations/us-central1/services/playcard","timeoutSeconds":60,"environmentVariables":{"FIREBASE_CONFIG":"{\"projectId\":\"game-night-bd8ca\",\"databaseURL\":\"https://game-night-bd8ca-default-rtdb.firebaseio.com\",\"storageBucket\":\"game-night-bd8ca.firebasestorage.app\"}","GCLOUD_PROJECT":"game-night-bd8ca","EVENTARC_CLOUD_EVENT_SOURCE":"projects/game-night-bd8ca/locations/us-central1/services/playCard","FUNCTION_TARGET":"playCard","LOG_EXECUTION_ID":"true"},"ingressSettings":"ALLOW_ALL","serviceAccountEmail":"583547518826-compute@developer.gserviceaccount.com","availableMemory":"256Mi","maxInstanceRequestConcurrency":80,"availableCpu":"1"},"labels":{"deployment-tool":"cli-firebase","deployment-callable":"true","firebase-functions-hash":"7ef0c1ea5069acd9c6d3f586620cc43c5264aa87"},"environment":"GEN_2"},"stages":[{"name":"BUILD","state":"NOT_STARTED","stateMessages":[{"severity":"WARNING","type":"BuildAnalysisWarning","message":"Node.js 20 is no longer supported by the Node.js community as of 30 April, 2026. Runtime nodejs20 is currently deprecated for Cloud Functions. We recommend you to upgrade to the latest version of Node.js as soon as possible."}]},{"name":"SERVICE","state":"NOT_STARTED"}],"operationType":"CREATE_FUNCTION"},"done":false}
[debug] [2026-07-08T01:28:10.724Z] [create-default-us-central1-playCard] Retrying task index 0
[debug] [2026-07-08T01:28:10.725Z] Checked if tokens are valid: true, expires at: 1783477605808
[debug] [2026-07-08T01:28:10.725Z] Checked if tokens are valid: true, expires at: 1783477605808
[debug] [2026-07-08T01:28:10.725Z] >>> [apiv2][query] GET https://cloudfunctions.googleapis.com/v2/projects/game-night-bd8ca/locations/us-central1/operations/operation-1783474062574-6560f69f7452b-e335f353-9dda5309 [none]
[debug] [2026-07-08T01:28:10.868Z] <<< [apiv2][status] GET https://cloudfunctions.googleapis.com/v2/projects/game-night-bd8ca/locations/us-central1/operations/operation-1783474062574-6560f69f7452b-e335f353-9dda5309 200
[debug] [2026-07-08T01:28:10.868Z] <<< [apiv2][body] GET https://cloudfunctions.googleapis.com/v2/projects/game-night-bd8ca/locations/us-central1/operations/operation-1783474062574-6560f69f7452b-e335f353-9dda5309 {"name":"projects/game-night-bd8ca/locations/us-central1/operations/operation-1783474062574-6560f69f7452b-e335f353-9dda5309","metadata":{"@type":"type.googleapis.com/google.cloud.functions.v2.OperationMetadata","createTime":"2026-07-08T01:27:44.512028516Z","target":"projects/game-night-bd8ca/locations/us-central1/functions/playCard","verb":"create","cancelRequested":false,"apiVersion":"v2","requestResource":{"@type":"type.googleapis.com/google.cloud.functions.v2.Function","name":"projects/game-night-bd8ca/locations/us-central1/functions/playCard","buildConfig":{"runtime":"nodejs20","entryPoint":"playCard","source":{"storageSource":{"bucket":"gcf-v2-sources-583547518826-us-central1","object":"playCard/function-source.zip","generation":"1783474063924392"}},"environmentVariables":{"GOOGLE_NODE_RUN_SCRIPTS":""},"serviceAccount":"projects/game-night-bd8ca/serviceAccounts/583547518826-compute@developer.gserviceaccount.com","automaticUpdatePolicy":{}},"serviceConfig":{"service":"projects/game-night-bd8ca/locations/us-central1/services/playcard","timeoutSeconds":60,"environmentVariables":{"FIREBASE_CONFIG":"{\"projectId\":\"game-night-bd8ca\",\"databaseURL\":\"https://game-night-bd8ca-default-rtdb.firebaseio.com\",\"storageBucket\":\"game-night-bd8ca.firebasestorage.app\"}","GCLOUD_PROJECT":"game-night-bd8ca","EVENTARC_CLOUD_EVENT_SOURCE":"projects/game-night-bd8ca/locations/us-central1/services/playCard","FUNCTION_TARGET":"playCard","LOG_EXECUTION_ID":"true"},"ingressSettings":"ALLOW_ALL","serviceAccountEmail":"583547518826-compute@developer.gserviceaccount.com","availableMemory":"256Mi","maxInstanceRequestConcurrency":80,"availableCpu":"1"},"labels":{"deployment-tool":"cli-firebase","deployment-callable":"true","firebase-functions-hash":"7ef0c1ea5069acd9c6d3f586620cc43c5264aa87"},"environment":"GEN_2"},"stages":[{"name":"BUILD","state":"NOT_STARTED","stateMessages":[{"severity":"WARNING","type":"BuildAnalysisWarning","message":"Node.js 20 is no longer supported by the Node.js community as of 30 April, 2026. Runtime nodejs20 is currently deprecated for Cloud Functions. We recommend you to upgrade to the latest version of Node.js as soon as possible."}]},{"name":"SERVICE","state":"NOT_STARTED"}],"operationType":"CREATE_FUNCTION"},"done":false}
[debug] [2026-07-08T01:28:20.869Z] [create-default-us-central1-playCard] Retrying task index 0
[debug] [2026-07-08T01:28:20.869Z] Checked if tokens are valid: true, expires at: 1783477605808
[debug] [2026-07-08T01:28:20.869Z] Checked if tokens are valid: true, expires at: 1783477605808
[debug] [2026-07-08T01:28:20.870Z] >>> [apiv2][query] GET https://cloudfunctions.googleapis.com/v2/projects/game-night-bd8ca/locations/us-central1/operations/operation-1783474062574-6560f69f7452b-e335f353-9dda5309 [none]
[debug] [2026-07-08T01:28:21.036Z] <<< [apiv2][status] GET https://cloudfunctions.googleapis.com/v2/projects/game-night-bd8ca/locations/us-central1/operations/operation-1783474062574-6560f69f7452b-e335f353-9dda5309 200
[debug] [2026-07-08T01:28:21.036Z] <<< [apiv2][body] GET https://cloudfunctions.googleapis.com/v2/projects/game-night-bd8ca/locations/us-central1/operations/operation-1783474062574-6560f69f7452b-e335f353-9dda5309 {"name":"projects/game-night-bd8ca/locations/us-central1/operations/operation-1783474062574-6560f69f7452b-e335f353-9dda5309","metadata":{"@type":"type.googleapis.com/google.cloud.functions.v2.OperationMetadata","createTime":"2026-07-08T01:27:44.512028516Z","target":"projects/game-night-bd8ca/locations/us-central1/functions/playCard","verb":"create","cancelRequested":false,"apiVersion":"v2","requestResource":{"@type":"type.googleapis.com/google.cloud.functions.v2.Function","name":"projects/game-night-bd8ca/locations/us-central1/functions/playCard","buildConfig":{"runtime":"nodejs20","entryPoint":"playCard","source":{"storageSource":{"bucket":"gcf-v2-sources-583547518826-us-central1","object":"playCard/function-source.zip","generation":"1783474063924392"}},"environmentVariables":{"GOOGLE_NODE_RUN_SCRIPTS":""},"serviceAccount":"projects/game-night-bd8ca/serviceAccounts/583547518826-compute@developer.gserviceaccount.com","automaticUpdatePolicy":{}},"serviceConfig":{"service":"projects/game-night-bd8ca/locations/us-central1/services/playcard","timeoutSeconds":60,"environmentVariables":{"FIREBASE_CONFIG":"{\"projectId\":\"game-night-bd8ca\",\"databaseURL\":\"https://game-night-bd8ca-default-rtdb.firebaseio.com\",\"storageBucket\":\"game-night-bd8ca.firebasestorage.app\"}","GCLOUD_PROJECT":"game-night-bd8ca","EVENTARC_CLOUD_EVENT_SOURCE":"projects/game-night-bd8ca/locations/us-central1/services/playCard","FUNCTION_TARGET":"playCard","LOG_EXECUTION_ID":"true"},"ingressSettings":"ALLOW_ALL","serviceAccountEmail":"583547518826-compute@developer.gserviceaccount.com","availableMemory":"256Mi","maxInstanceRequestConcurrency":80,"availableCpu":"1"},"labels":{"deployment-tool":"cli-firebase","deployment-callable":"true","firebase-functions-hash":"7ef0c1ea5069acd9c6d3f586620cc43c5264aa87"},"environment":"GEN_2"},"stages":[{"name":"BUILD","state":"NOT_STARTED","stateMessages":[{"severity":"WARNING","type":"BuildAnalysisWarning","message":"Node.js 20 is no longer supported by the Node.js community as of 30 April, 2026. Runtime nodejs20 is currently deprecated for Cloud Functions. We recommend you to upgrade to the latest version of Node.js as soon as possible."}]},{"name":"SERVICE","state":"NOT_STARTED"}],"operationType":"CREATE_FUNCTION"},"done":false}
[debug] [2026-07-08T01:28:31.038Z] [create-default-us-central1-playCard] Retrying task index 0
[debug] [2026-07-08T01:28:31.038Z] Checked if tokens are valid: true, expires at: 1783477605808
[debug] [2026-07-08T01:28:31.038Z] Checked if tokens are valid: true, expires at: 1783477605808
[debug] [2026-07-08T01:28:31.038Z] >>> [apiv2][query] GET https://cloudfunctions.googleapis.com/v2/projects/game-night-bd8ca/locations/us-central1/operations/operation-1783474062574-6560f69f7452b-e335f353-9dda5309 [none]
[debug] [2026-07-08T01:28:31.210Z] <<< [apiv2][status] GET https://cloudfunctions.googleapis.com/v2/projects/game-night-bd8ca/locations/us-central1/operations/operation-1783474062574-6560f69f7452b-e335f353-9dda5309 200
[debug] [2026-07-08T01:28:31.211Z] <<< [apiv2][body] GET https://cloudfunctions.googleapis.com/v2/projects/game-night-bd8ca/locations/us-central1/operations/operation-1783474062574-6560f69f7452b-e335f353-9dda5309 {"name":"projects/game-night-bd8ca/locations/us-central1/operations/operation-1783474062574-6560f69f7452b-e335f353-9dda5309","metadata":{"@type":"type.googleapis.com/google.cloud.functions.v2.OperationMetadata","createTime":"2026-07-08T01:27:44.512028516Z","target":"projects/game-night-bd8ca/locations/us-central1/functions/playCard","verb":"create","cancelRequested":false,"apiVersion":"v2","requestResource":{"@type":"type.googleapis.com/google.cloud.functions.v2.Function","name":"projects/game-night-bd8ca/locations/us-central1/functions/playCard","buildConfig":{"runtime":"nodejs20","entryPoint":"playCard","source":{"storageSource":{"bucket":"gcf-v2-sources-583547518826-us-central1","object":"playCard/function-source.zip","generation":"1783474063924392"}},"environmentVariables":{"GOOGLE_NODE_RUN_SCRIPTS":""},"serviceAccount":"projects/game-night-bd8ca/serviceAccounts/583547518826-compute@developer.gserviceaccount.com","automaticUpdatePolicy":{}},"serviceConfig":{"service":"projects/game-night-bd8ca/locations/us-central1/services/playcard","timeoutSeconds":60,"environmentVariables":{"FIREBASE_CONFIG":"{\"projectId\":\"game-night-bd8ca\",\"databaseURL\":\"https://game-night-bd8ca-default-rtdb.firebaseio.com\",\"storageBucket\":\"game-night-bd8ca.firebasestorage.app\"}","GCLOUD_PROJECT":"game-night-bd8ca","EVENTARC_CLOUD_EVENT_SOURCE":"projects/game-night-bd8ca/locations/us-central1/services/playCard","FUNCTION_TARGET":"playCard","LOG_EXECUTION_ID":"true"},"ingressSettings":"ALLOW_ALL","serviceAccountEmail":"583547518826-compute@developer.gserviceaccount.com","availableMemory":"256Mi","maxInstanceRequestConcurrency":80,"availableCpu":"1"},"labels":{"deployment-tool":"cli-firebase","deployment-callable":"true","firebase-functions-hash":"7ef0c1ea5069acd9c6d3f586620cc43c5264aa87"},"environment":"GEN_2"},"stages":[{"name":"BUILD","state":"NOT_STARTED","stateMessages":[{"severity":"WARNING","type":"BuildAnalysisWarning","message":"Node.js 20 is no longer supported by the Node.js community as of 30 April, 2026. Runtime nodejs20 is currently deprecated for Cloud Functions. We recommend you to upgrade to the latest version of Node.js as soon as possible."}]},{"name":"SERVICE","state":"NOT_STARTED"}],"operationType":"CREATE_FUNCTION"},"done":false}
[debug] [2026-07-08T01:28:41.213Z] [create-default-us-central1-playCard] Retrying task index 0
[debug] [2026-07-08T01:28:41.214Z] Checked if tokens are valid: true, expires at: 1783477605808
[debug] [2026-07-08T01:28:41.214Z] Checked if tokens are valid: true, expires at: 1783477605808
[debug] [2026-07-08T01:28:41.214Z] >>> [apiv2][query] GET https://cloudfunctions.googleapis.com/v2/projects/game-night-bd8ca/locations/us-central1/operations/operation-1783474062574-6560f69f7452b-e335f353-9dda5309 [none]
[debug] [2026-07-08T01:28:41.374Z] <<< [apiv2][status] GET https://cloudfunctions.googleapis.com/v2/projects/game-night-bd8ca/locations/us-central1/operations/operation-1783474062574-6560f69f7452b-e335f353-9dda5309 200
[debug] [2026-07-08T01:28:41.374Z] <<< [apiv2][body] GET https://cloudfunctions.googleapis.com/v2/projects/game-night-bd8ca/locations/us-central1/operations/operation-1783474062574-6560f69f7452b-e335f353-9dda5309 {"name":"projects/game-night-bd8ca/locations/us-central1/operations/operation-1783474062574-6560f69f7452b-e335f353-9dda5309","metadata":{"@type":"type.googleapis.com/google.cloud.functions.v2.OperationMetadata","createTime":"2026-07-08T01:27:44.512028516Z","target":"projects/game-night-bd8ca/locations/us-central1/functions/playCard","verb":"create","cancelRequested":false,"apiVersion":"v2","requestResource":{"@type":"type.googleapis.com/google.cloud.functions.v2.Function","name":"projects/game-night-bd8ca/locations/us-central1/functions/playCard","buildConfig":{"runtime":"nodejs20","entryPoint":"playCard","source":{"storageSource":{"bucket":"gcf-v2-sources-583547518826-us-central1","object":"playCard/function-source.zip","generation":"1783474063924392"}},"environmentVariables":{"GOOGLE_NODE_RUN_SCRIPTS":""},"serviceAccount":"projects/game-night-bd8ca/serviceAccounts/583547518826-compute@developer.gserviceaccount.com","automaticUpdatePolicy":{}},"serviceConfig":{"service":"projects/game-night-bd8ca/locations/us-central1/services/playcard","timeoutSeconds":60,"environmentVariables":{"FIREBASE_CONFIG":"{\"projectId\":\"game-night-bd8ca\",\"databaseURL\":\"https://game-night-bd8ca-default-rtdb.firebaseio.com\",\"storageBucket\":\"game-night-bd8ca.firebasestorage.app\"}","GCLOUD_PROJECT":"game-night-bd8ca","EVENTARC_CLOUD_EVENT_SOURCE":"projects/game-night-bd8ca/locations/us-central1/services/playCard","FUNCTION_TARGET":"playCard","LOG_EXECUTION_ID":"true"},"ingressSettings":"ALLOW_ALL","serviceAccountEmail":"583547518826-compute@developer.gserviceaccount.com","availableMemory":"256Mi","maxInstanceRequestConcurrency":80,"availableCpu":"1"},"labels":{"deployment-tool":"cli-firebase","deployment-callable":"true","firebase-functions-hash":"7ef0c1ea5069acd9c6d3f586620cc43c5264aa87"},"environment":"GEN_2"},"stages":[{"name":"BUILD","state":"NOT_STARTED","stateMessages":[{"severity":"WARNING","type":"BuildAnalysisWarning","message":"Node.js 20 is no longer supported by the Node.js community as of 30 April, 2026. Runtime nodejs20 is currently deprecated for Cloud Functions. We recommend you to upgrade to the latest version of Node.js as soon as possible."}]},{"name":"SERVICE","state":"NOT_STARTED"}],"operationType":"CREATE_FUNCTION"},"done":false}
